Performing C SOURCE FILE Test HAVE_STD_C99 failed with the following output:
Change Dir: C:/work/60-video/ve/opencvr/3rdparty/openal/build-win64/CMakeFiles/CMakeTmp

Run Build Command:"C:/Program Files (x86)/MSBuild/12.0/bin/MSBuild.exe" "cmTryCompileExec4030732741.vcxproj" "/p:Configuration=Debug" "/p:VisualStudioVersion=12.0"
Microsoft(R) 生成引擎版本 12.0.31101.0
[Microsoft .NET Framework 版本 4.0.30319.34209]
版权所有 (C) Microsoft Corporation。保留所有权利。

生成启动时间为 2015-03-14 15:41:53。
节点 1 上的项目“C:\work\60-video\ve\opencvr\3rdparty\openal\build-win64\CMakeFiles\CMakeTmp\cmTryCompileExec4030732741.vcxproj”(默认目标)。
PrepareForBuild:
  正在创建目录“cmTryCompileExec4030732741.dir\Debug\”。
  正在创建目录“C:\work\60-video\ve\opencvr\3rdparty\openal\build-win64\CMakeFiles\CMakeTmp\Debug\”。
  正在创建目录“cmTryCompileExec4030732741.dir\Debug\cmTryCom.0A8DCC1E.tlog\”。
InitializeBuildStatus:
  正在创建“cmTryCompileExec4030732741.dir\Debug\cmTryCom.0A8DCC1E.tlog\unsuccessfulbuild”，因为已指定“AlwaysCreate”。
ClCompile:
  C:\Program Files (x86)\Microsoft Visual Studio 12.0\VC\bin\x86_amd64\CL.exe /c /Zi /W3 /WX- /Od /Ob0 /D WIN32 /D _WINDOWS /D HAVE_STD_C99 /D _LARGEFILE_SOURCE /D _LARGE_FILES /D _DEBUG /D "CMAKE_INTDIR=\"Debug\"" /D _MBCS /Gm- /RTC1 /MDd /GS /fp:precise /Zc:wchar_t /Zc:forScope /Fo"cmTryCompileExec4030732741.dir\Debug\\" /Fd"cmTryCompileExec4030732741.dir\Debug\vc120.pdb" /Gd /TC /errorReport:queue  -std=c99 "C:\work\60-video\ve\opencvr\3rdparty\openal\build-win64\CMakeFiles\CMakeTmp\src.c"
  Microsoft (R) C/C++ Optimizing Compiler Version 18.00.31101 for x64
  Copyright (C) Microsoft Corporation.  All rights reserved.
  
  cl /c /Zi /W3 /WX- /Od /Ob0 /D WIN32 /D _WINDOWS /D HAVE_STD_C99 /D _LARGEFILE_SOURCE /D _LARGE_FILES /D _DEBUG /D "CMAKE_INTDIR=\"Debug\"" /D _MBCS /Gm- /RTC1 /MDd /GS /fp:precise /Zc:wchar_t /Zc:forScope /Fo"cmTryCompileExec4030732741.dir\Debug\\" /Fd"cmTryCompileExec4030732741.dir\Debug\vc120.pdb" /Gd /TC /errorReport:queue  -std=c99 "C:\work\60-video\ve\opencvr\3rdparty\openal\build-win64\CMakeFiles\CMakeTmp\src.c"
  
cl : Command line warning D9002: ignoring unknown option '-std=c99' [C:\work\60-video\ve\opencvr\3rdparty\openal\build-win64\CMakeFiles\CMakeTmp\cmTryCompileExec4030732741.vcxproj]
  src.c
Link:
  C:\Program Files (x86)\Microsoft Visual Studio 12.0\VC\bin\x86_amd64\link.exe /ERRORREPORT:QUEUE /OUT:"C:\work\60-video\ve\opencvr\3rdparty\openal\build-win64\CMakeFiles\CMakeTmp\Debug\cmTryCompileExec4030732741.exe" /INCREMENTAL /NOLOGO kernel32.lib user32.lib gdi32.lib winspool.lib shell32.lib ole32.lib oleaut32.lib uuid.lib comdlg32.lib advapi32.lib /MANIFEST /MANIFESTUAC:"level='asInvoker' uiAccess='false'" /manifest:embed /DEBUG /PDB:"C:/work/60-video/ve/opencvr/3rdparty/openal/build-win64/CMakeFiles/CMakeTmp/Debug/cmTryCompileExec4030732741.pdb" /SUBSYSTEM:CONSOLE /TLBID:1 /DYNAMICBASE /NXCOMPAT /IMPLIB:"C:/work/60-video/ve/opencvr/3rdparty/openal/build-win64/CMakeFiles/CMakeTmp/Debug/cmTryCompileExec4030732741.lib" /MACHINE:X64  /machine:x64 /debug cmTryCompileExec4030732741.dir\Debug\src.obj
  cmTryCompileExec4030732741.vcxproj -> C:\work\60-video\ve\opencvr\3rdparty\openal\build-win64\CMakeFiles\CMakeTmp\Debug\cmTryCompileExec4030732741.exe
FinalizeBuildStatus:
  正在删除文件“cmTryCompileExec4030732741.dir\Debug\cmTryCom.0A8DCC1E.tlog\unsuccessfulbuild”。
  正在对“cmTryCompileExec4030732741.dir\Debug\cmTryCom.0A8DCC1E.tlog\cmTryCompileExec4030732741.lastbuildstate”执行 Touch 任务。
已完成生成项目“C:\work\60-video\ve\opencvr\3rdparty\openal\build-win64\CMakeFiles\CMakeTmp\cmTryCompileExec4030732741.vcxproj”(默认目标)的操作。

已成功生成。

“C:\work\60-video\ve\opencvr\3rdparty\openal\build-win64\CMakeFiles\CMakeTmp\cmTryCompileExec4030732741.vcxproj”(默认目标) (1) ->
(ClCompile 目标) -> 
  cl : Command line warning D9002: ignoring unknown option '-std=c99' [C:\work\60-video\ve\opencvr\3rdparty\openal\build-win64\CMakeFiles\CMakeTmp\cmTryCompileExec4030732741.vcxproj]

    1 个警告
    0 个错误

已用时间 00:00:01.11

Source file was:
int main(void) { return 0; }
Performing C SOURCE FILE Test HAVE_RESTRICT failed with the following output:
Change Dir: C:/work/60-video/ve/opencvr/3rdparty/openal/build-win64/CMakeFiles/CMakeTmp

Run Build Command:"C:/Program Files (x86)/MSBuild/12.0/bin/MSBuild.exe" "cmTryCompileExec3315241892.vcxproj" "/p:Configuration=Debug" "/p:VisualStudioVersion=12.0"
Microsoft(R) 生成引擎版本 12.0.31101.0
[Microsoft .NET Framework 版本 4.0.30319.34209]
版权所有 (C) Microsoft Corporation。保留所有权利。

生成启动时间为 2015-03-14 15:41:54。
节点 1 上的项目“C:\work\60-video\ve\opencvr\3rdparty\openal\build-win64\CMakeFiles\CMakeTmp\cmTryCompileExec3315241892.vcxproj”(默认目标)。
PrepareForBuild:
  正在创建目录“cmTryCompileExec3315241892.dir\Debug\”。
  正在创建目录“C:\work\60-video\ve\opencvr\3rdparty\openal\build-win64\CMakeFiles\CMakeTmp\Debug\”。
  正在创建目录“cmTryCompileExec3315241892.dir\Debug\cmTryCom.7211B166.tlog\”。
InitializeBuildStatus:
  正在创建“cmTryCompileExec3315241892.dir\Debug\cmTryCom.7211B166.tlog\unsuccessfulbuild”，因为已指定“AlwaysCreate”。
ClCompile:
  C:\Program Files (x86)\Microsoft Visual Studio 12.0\VC\bin\x86_amd64\CL.exe /c /Zi /W3 /WX- /Od /Ob0 /D WIN32 /D _WINDOWS /D HAVE_RESTRICT /D _LARGEFILE_SOURCE /D _LARGE_FILES /D _DEBUG /D "CMAKE_INTDIR=\"Debug\"" /D _MBCS /Gm- /RTC1 /MDd /GS /fp:precise /Zc:wchar_t /Zc:forScope /Fo"cmTryCompileExec3315241892.dir\Debug\\" /Fd"cmTryCompileExec3315241892.dir\Debug\vc120.pdb" /Gd /TC /errorReport:queue "C:\work\60-video\ve\opencvr\3rdparty\openal\build-win64\CMakeFiles\CMakeTmp\src.c"
  Microsoft (R) C/C++ Optimizing Compiler Version 18.00.31101 for x64
  Copyright (C) Microsoft Corporation.  All rights reserved.
  
  cl /c /Zi /W3 /WX- /Od /Ob0 /D WIN32 /D _WINDOWS /D HAVE_RESTRICT /D _LARGEFILE_SOURCE /D _LARGE_FILES /D _DEBUG /D "CMAKE_INTDIR=\"Debug\"" /D _MBCS /Gm- /RTC1 /MDd /GS /fp:precise /Zc:wchar_t /Zc:forScope /Fo"cmTryCompileExec3315241892.dir\Debug\\" /Fd"cmTryCompileExec3315241892.dir\Debug\vc120.pdb" /Gd /TC /errorReport:queue "C:\work\60-video\ve\opencvr\3rdparty\openal\build-win64\CMakeFiles\CMakeTmp\src.c"
  
  src.c
C:\work\60-video\ve\opencvr\3rdparty\openal\build-win64\CMakeFiles\CMakeTmp\src.c(1): error C2061: syntax error : identifier 'foo' [C:\work\60-video\ve\opencvr\3rdparty\openal\build-win64\CMakeFiles\CMakeTmp\cmTryCompileExec3315241892.vcxproj]
C:\work\60-video\ve\opencvr\3rdparty\openal\build-win64\CMakeFiles\CMakeTmp\src.c(1): error C2059: syntax error : ';' [C:\work\60-video\ve\opencvr\3rdparty\openal\build-win64\CMakeFiles\CMakeTmp\cmTryCompileExec3315241892.vcxproj]
已完成生成项目“C:\work\60-video\ve\opencvr\3rdparty\openal\build-win64\CMakeFiles\CMakeTmp\cmTryCompileExec3315241892.vcxproj”(默认目标)的操作 - 失败。

生成失败。

“C:\work\60-video\ve\opencvr\3rdparty\openal\build-win64\CMakeFiles\CMakeTmp\cmTryCompileExec3315241892.vcxproj”(默认目标) (1) ->
(ClCompile 目标) -> 
  C:\work\60-video\ve\opencvr\3rdparty\openal\build-win64\CMakeFiles\CMakeTmp\src.c(1): error C2061: syntax error : identifier 'foo' [C:\work\60-video\ve\opencvr\3rdparty\openal\build-win64\CMakeFiles\CMakeTmp\cmTryCompileExec3315241892.vcxproj]
  C:\work\60-video\ve\opencvr\3rdparty\openal\build-win64\CMakeFiles\CMakeTmp\src.c(1): error C2059: syntax error : ';' [C:\work\60-video\ve\opencvr\3rdparty\openal\build-win64\CMakeFiles\CMakeTmp\cmTryCompileExec3315241892.vcxproj]

    0 个警告
    2 个错误

已用时间 00:00:00.51

Source file was:
int *restrict foo;
                             int main() {return 0;}
Performing C SOURCE FILE Test HAVE_INLINE failed with the following output:
Change Dir: C:/work/60-video/ve/opencvr/3rdparty/openal/build-win64/CMakeFiles/CMakeTmp

Run Build Command:"C:/Program Files (x86)/MSBuild/12.0/bin/MSBuild.exe" "cmTryCompileExec3657902840.vcxproj" "/p:Configuration=Debug" "/p:VisualStudioVersion=12.0"
Microsoft(R) 生成引擎版本 12.0.31101.0
[Microsoft .NET Framework 版本 4.0.30319.34209]
版权所有 (C) Microsoft Corporation。保留所有权利。

生成启动时间为 2015-03-14 15:41:55。
节点 1 上的项目“C:\work\60-video\ve\opencvr\3rdparty\openal\build-win64\CMakeFiles\CMakeTmp\cmTryCompileExec3657902840.vcxproj”(默认目标)。
PrepareForBuild:
  正在创建目录“cmTryCompileExec3657902840.dir\Debug\”。
  正在创建目录“C:\work\60-video\ve\opencvr\3rdparty\openal\build-win64\CMakeFiles\CMakeTmp\Debug\”。
  正在创建目录“cmTryCompileExec3657902840.dir\Debug\cmTryCom.3025C91E.tlog\”。
InitializeBuildStatus:
  正在创建“cmTryCompileExec3657902840.dir\Debug\cmTryCom.3025C91E.tlog\unsuccessfulbuild”，因为已指定“AlwaysCreate”。
ClCompile:
  C:\Program Files (x86)\Microsoft Visual Studio 12.0\VC\bin\x86_amd64\CL.exe /c /Zi /W3 /WX- /Od /Ob0 /D WIN32 /D _WINDOWS /D HAVE_INLINE /D _LARGEFILE_SOURCE /D _LARGE_FILES /D restrict= /D _DEBUG /D "CMAKE_INTDIR=\"Debug\"" /D _MBCS /Gm- /RTC1 /MDd /GS /fp:precise /Zc:wchar_t /Zc:forScope /Fo"cmTryCompileExec3657902840.dir\Debug\\" /Fd"cmTryCompileExec3657902840.dir\Debug\vc120.pdb" /Gd /TC /errorReport:queue "C:\work\60-video\ve\opencvr\3rdparty\openal\build-win64\CMakeFiles\CMakeTmp\src.c"
  Microsoft (R) C/C++ Optimizing Compiler Version 18.00.31101 for x64
  Copyright (C) Microsoft Corporation.  All rights reserved.
  
  cl /c /Zi /W3 /WX- /Od /Ob0 /D WIN32 /D _WINDOWS /D HAVE_INLINE /D _LARGEFILE_SOURCE /D _LARGE_FILES /D restrict= /D _DEBUG /D "CMAKE_INTDIR=\"Debug\"" /D _MBCS /Gm- /RTC1 /MDd /GS /fp:precise /Zc:wchar_t /Zc:forScope /Fo"cmTryCompileExec3657902840.dir\Debug\\" /Fd"cmTryCompileExec3657902840.dir\Debug\vc120.pdb" /Gd /TC /errorReport:queue "C:\work\60-video\ve\opencvr\3rdparty\openal\build-win64\CMakeFiles\CMakeTmp\src.c"
  
  src.c
C:\work\60-video\ve\opencvr\3rdparty\openal\build-win64\CMakeFiles\CMakeTmp\src.c(1): error C2054: expected '(' to follow 'inline' [C:\work\60-video\ve\opencvr\3rdparty\openal\build-win64\CMakeFiles\CMakeTmp\cmTryCompileExec3657902840.vcxproj]
C:\work\60-video\ve\opencvr\3rdparty\openal\build-win64\CMakeFiles\CMakeTmp\src.c(1): error C2085: 'foo' : not in formal parameter list [C:\work\60-video\ve\opencvr\3rdparty\openal\build-win64\CMakeFiles\CMakeTmp\cmTryCompileExec3657902840.vcxproj]
C:\work\60-video\ve\opencvr\3rdparty\openal\build-win64\CMakeFiles\CMakeTmp\src.c(1): error C2143: syntax error : missing ';' before '{' [C:\work\60-video\ve\opencvr\3rdparty\openal\build-win64\CMakeFiles\CMakeTmp\cmTryCompileExec3657902840.vcxproj]
已完成生成项目“C:\work\60-video\ve\opencvr\3rdparty\openal\build-win64\CMakeFiles\CMakeTmp\cmTryCompileExec3657902840.vcxproj”(默认目标)的操作 - 失败。

生成失败。

“C:\work\60-video\ve\opencvr\3rdparty\openal\build-win64\CMakeFiles\CMakeTmp\cmTryCompileExec3657902840.vcxproj”(默认目标) (1) ->
(ClCompile 目标) -> 
  C:\work\60-video\ve\opencvr\3rdparty\openal\build-win64\CMakeFiles\CMakeTmp\src.c(1): error C2054: expected '(' to follow 'inline' [C:\work\60-video\ve\opencvr\3rdparty\openal\build-win64\CMakeFiles\CMakeTmp\cmTryCompileExec3657902840.vcxproj]
  C:\work\60-video\ve\opencvr\3rdparty\openal\build-win64\CMakeFiles\CMakeTmp\src.c(1): error C2085: 'foo' : not in formal parameter list [C:\work\60-video\ve\opencvr\3rdparty\openal\build-win64\CMakeFiles\CMakeTmp\cmTryCompileExec3657902840.vcxproj]
  C:\work\60-video\ve\opencvr\3rdparty\openal\build-win64\CMakeFiles\CMakeTmp\src.c(1): error C2143: syntax error : missing ';' before '{' [C:\work\60-video\ve\opencvr\3rdparty\openal\build-win64\CMakeFiles\CMakeTmp\cmTryCompileExec3657902840.vcxproj]

    0 个警告
    3 个错误

已用时间 00:00:00.49

Source file was:
inline void foo(void) { }
                             int main() {return 0;}
Performing C SOURCE FILE Test HAVE_C99_VLA failed with the following output:
Change Dir: C:/work/60-video/ve/opencvr/3rdparty/openal/build-win64/CMakeFiles/CMakeTmp

Run Build Command:"C:/Program Files (x86)/MSBuild/12.0/bin/MSBuild.exe" "cmTryCompileExec4111751005.vcxproj" "/p:Configuration=Debug" "/p:VisualStudioVersion=12.0"
Microsoft(R) 生成引擎版本 12.0.31101.0
[Microsoft .NET Framework 版本 4.0.30319.34209]
版权所有 (C) Microsoft Corporation。保留所有权利。

生成启动时间为 2015-03-14 15:41:57。
节点 1 上的项目“C:\work\60-video\ve\opencvr\3rdparty\openal\build-win64\CMakeFiles\CMakeTmp\cmTryCompileExec4111751005.vcxproj”(默认目标)。
PrepareForBuild:
  正在创建目录“cmTryCompileExec4111751005.dir\Debug\”。
  正在创建目录“C:\work\60-video\ve\opencvr\3rdparty\openal\build-win64\CMakeFiles\CMakeTmp\Debug\”。
  正在创建目录“cmTryCompileExec4111751005.dir\Debug\cmTryCom.550ED733.tlog\”。
InitializeBuildStatus:
  正在创建“cmTryCompileExec4111751005.dir\Debug\cmTryCom.550ED733.tlog\unsuccessfulbuild”，因为已指定“AlwaysCreate”。
ClCompile:
  C:\Program Files (x86)\Microsoft Visual Studio 12.0\VC\bin\x86_amd64\CL.exe /c /Zi /W3 /WX- /Od /Ob0 /D WIN32 /D _WINDOWS /D HAVE_C99_VLA /D _LARGEFILE_SOURCE /D _LARGE_FILES /D restrict= /D inline=__inline /D _DEBUG /D "CMAKE_INTDIR=\"Debug\"" /D _MBCS /Gm- /RTC1 /MDd /GS /fp:precise /Zc:wchar_t /Zc:forScope /Fo"cmTryCompileExec4111751005.dir\Debug\\" /Fd"cmTryCompileExec4111751005.dir\Debug\vc120.pdb" /Gd /TC /errorReport:queue "C:\work\60-video\ve\opencvr\3rdparty\openal\build-win64\CMakeFiles\CMakeTmp\src.c"
  Microsoft (R) C/C++ Optimizing Compiler Version 18.00.31101 for x64
  Copyright (C) Microsoft Corporation.  All rights reserved.
  
  cl /c /Zi /W3 /WX- /Od /Ob0 /D WIN32 /D _WINDOWS /D HAVE_C99_VLA /D _LARGEFILE_SOURCE /D _LARGE_FILES /D restrict= /D inline=__inline /D _DEBUG /D "CMAKE_INTDIR=\"Debug\"" /D _MBCS /Gm- /RTC1 /MDd /GS /fp:precise /Zc:wchar_t /Zc:forScope /Fo"cmTryCompileExec4111751005.dir\Debug\\" /Fd"cmTryCompileExec4111751005.dir\Debug\vc120.pdb" /Gd /TC /errorReport:queue "C:\work\60-video\ve\opencvr\3rdparty\openal\build-win64\CMakeFiles\CMakeTmp\src.c"
  
  src.c
C:\work\60-video\ve\opencvr\3rdparty\openal\build-win64\CMakeFiles\CMakeTmp\src.c(3): error C2057: expected constant expression [C:\work\60-video\ve\opencvr\3rdparty\openal\build-win64\CMakeFiles\CMakeTmp\cmTryCompileExec4111751005.vcxproj]
C:\work\60-video\ve\opencvr\3rdparty\openal\build-win64\CMakeFiles\CMakeTmp\src.c(3): error C2466: cannot allocate an array of constant size 0 [C:\work\60-video\ve\opencvr\3rdparty\openal\build-win64\CMakeFiles\CMakeTmp\cmTryCompileExec4111751005.vcxproj]
C:\work\60-video\ve\opencvr\3rdparty\openal\build-win64\CMakeFiles\CMakeTmp\src.c(3): error C2133: 'tmp' : unknown size [C:\work\60-video\ve\opencvr\3rdparty\openal\build-win64\CMakeFiles\CMakeTmp\cmTryCompileExec4111751005.vcxproj]
已完成生成项目“C:\work\60-video\ve\opencvr\3rdparty\openal\build-win64\CMakeFiles\CMakeTmp\cmTryCompileExec4111751005.vcxproj”(默认目标)的操作 - 失败。

生成失败。

“C:\work\60-video\ve\opencvr\3rdparty\openal\build-win64\CMakeFiles\CMakeTmp\cmTryCompileExec4111751005.vcxproj”(默认目标) (1) ->
(ClCompile 目标) -> 
  C:\work\60-video\ve\opencvr\3rdparty\openal\build-win64\CMakeFiles\CMakeTmp\src.c(3): error C2057: expected constant expression [C:\work\60-video\ve\opencvr\3rdparty\openal\build-win64\CMakeFiles\CMakeTmp\cmTryCompileExec4111751005.vcxproj]
  C:\work\60-video\ve\opencvr\3rdparty\openal\build-win64\CMakeFiles\CMakeTmp\src.c(3): error C2466: cannot allocate an array of constant size 0 [C:\work\60-video\ve\opencvr\3rdparty\openal\build-win64\CMakeFiles\CMakeTmp\cmTryCompileExec4111751005.vcxproj]
  C:\work\60-video\ve\opencvr\3rdparty\openal\build-win64\CMakeFiles\CMakeTmp\src.c(3): error C2133: 'tmp' : unknown size [C:\work\60-video\ve\opencvr\3rdparty\openal\build-win64\CMakeFiles\CMakeTmp\cmTryCompileExec4111751005.vcxproj]

    0 个警告
    3 个错误

已用时间 00:00:00.61

Source file was:
int main(int argc, char *argv[])
 {
     volatile int tmp[argc];
     tmp[0] = argv[0][0];
     return tmp[0];
 }
Performing C SOURCE FILE Test HAVE_C11_STATIC_ASSERT failed with the following output:
Change Dir: C:/work/60-video/ve/opencvr/3rdparty/openal/build-win64/CMakeFiles/CMakeTmp

Run Build Command:"C:/Program Files (x86)/MSBuild/12.0/bin/MSBuild.exe" "cmTryCompileExec1604296232.vcxproj" "/p:Configuration=Debug" "/p:VisualStudioVersion=12.0"
Microsoft(R) 生成引擎版本 12.0.31101.0
[Microsoft .NET Framework 版本 4.0.30319.34209]
版权所有 (C) Microsoft Corporation。保留所有权利。

生成启动时间为 2015-03-14 15:41:59。
节点 1 上的项目“C:\work\60-video\ve\opencvr\3rdparty\openal\build-win64\CMakeFiles\CMakeTmp\cmTryCompileExec1604296232.vcxproj”(默认目标)。
PrepareForBuild:
  正在创建目录“cmTryCompileExec1604296232.dir\Debug\”。
  正在创建目录“C:\work\60-video\ve\opencvr\3rdparty\openal\build-win64\CMakeFiles\CMakeTmp\Debug\”。
  正在创建目录“cmTryCompileExec1604296232.dir\Debug\cmTryCom.CBDE2083.tlog\”。
InitializeBuildStatus:
  正在创建“cmTryCompileExec1604296232.dir\Debug\cmTryCom.CBDE2083.tlog\unsuccessfulbuild”，因为已指定“AlwaysCreate”。
ClCompile:
  C:\Program Files (x86)\Microsoft Visual Studio 12.0\VC\bin\x86_amd64\CL.exe /c /Zi /W3 /WX- /Od /Ob0 /D WIN32 /D _WINDOWS /D HAVE_C11_STATIC_ASSERT /D _LARGEFILE_SOURCE /D _LARGE_FILES /D restrict= /D inline=__inline /D _DEBUG /D "CMAKE_INTDIR=\"Debug\"" /D _MBCS /Gm- /RTC1 /MDd /GS /fp:precise /Zc:wchar_t /Zc:forScope /Fo"cmTryCompileExec1604296232.dir\Debug\\" /Fd"cmTryCompileExec1604296232.dir\Debug\vc120.pdb" /Gd /TC /errorReport:queue "C:\work\60-video\ve\opencvr\3rdparty\openal\build-win64\CMakeFiles\CMakeTmp\src.c"
  Microsoft (R) C/C++ Optimizing Compiler Version 18.00.31101 for x64
  Copyright (C) Microsoft Corporation.  All rights reserved.
  
  cl /c /Zi /W3 /WX- /Od /Ob0 /D WIN32 /D _WINDOWS /D HAVE_C11_STATIC_ASSERT /D _LARGEFILE_SOURCE /D _LARGE_FILES /D restrict= /D inline=__inline /D _DEBUG /D "CMAKE_INTDIR=\"Debug\"" /D _MBCS /Gm- /RTC1 /MDd /GS /fp:precise /Zc:wchar_t /Zc:forScope /Fo"cmTryCompileExec1604296232.dir\Debug\\" /Fd"cmTryCompileExec1604296232.dir\Debug\vc120.pdb" /Gd /TC /errorReport:queue "C:\work\60-video\ve\opencvr\3rdparty\openal\build-win64\CMakeFiles\CMakeTmp\src.c"
  
  src.c
C:\work\60-video\ve\opencvr\3rdparty\openal\build-win64\CMakeFiles\CMakeTmp\src.c(3): warning C4013: '_Static_assert' undefined; assuming extern returning int [C:\work\60-video\ve\opencvr\3rdparty\openal\build-win64\CMakeFiles\CMakeTmp\cmTryCompileExec1604296232.vcxproj]
Link:
  C:\Program Files (x86)\Microsoft Visual Studio 12.0\VC\bin\x86_amd64\link.exe /ERRORREPORT:QUEUE /OUT:"C:\work\60-video\ve\opencvr\3rdparty\openal\build-win64\CMakeFiles\CMakeTmp\Debug\cmTryCompileExec1604296232.exe" /INCREMENTAL /NOLOGO kernel32.lib user32.lib gdi32.lib winspool.lib shell32.lib ole32.lib oleaut32.lib uuid.lib comdlg32.lib advapi32.lib /MANIFEST /MANIFESTUAC:"level='asInvoker' uiAccess='false'" /manifest:embed /DEBUG /PDB:"C:/work/60-video/ve/opencvr/3rdparty/openal/build-win64/CMakeFiles/CMakeTmp/Debug/cmTryCompileExec1604296232.pdb" /SUBSYSTEM:CONSOLE /TLBID:1 /DYNAMICBASE /NXCOMPAT /IMPLIB:"C:/work/60-video/ve/opencvr/3rdparty/openal/build-win64/CMakeFiles/CMakeTmp/Debug/cmTryCompileExec1604296232.lib" /MACHINE:X64  /machine:x64 /debug cmTryCompileExec1604296232.dir\Debug\src.obj
src.obj : error LNK2019: unresolved external symbol _Static_assert referenced in function main [C:\work\60-video\ve\opencvr\3rdparty\openal\build-win64\CMakeFiles\CMakeTmp\cmTryCompileExec1604296232.vcxproj]
C:\work\60-video\ve\opencvr\3rdparty\openal\build-win64\CMakeFiles\CMakeTmp\Debug\cmTryCompileExec1604296232.exe : fatal error LNK1120: 1 unresolved externals [C:\work\60-video\ve\opencvr\3rdparty\openal\build-win64\CMakeFiles\CMakeTmp\cmTryCompileExec1604296232.vcxproj]
已完成生成项目“C:\work\60-video\ve\opencvr\3rdparty\openal\build-win64\CMakeFiles\CMakeTmp\cmTryCompileExec1604296232.vcxproj”(默认目标)的操作 - 失败。

生成失败。

“C:\work\60-video\ve\opencvr\3rdparty\openal\build-win64\CMakeFiles\CMakeTmp\cmTryCompileExec1604296232.vcxproj”(默认目标) (1) ->
(ClCompile 目标) -> 
  C:\work\60-video\ve\opencvr\3rdparty\openal\build-win64\CMakeFiles\CMakeTmp\src.c(3): warning C4013: '_Static_assert' undefined; assuming extern returning int [C:\work\60-video\ve\opencvr\3rdparty\openal\build-win64\CMakeFiles\CMakeTmp\cmTryCompileExec1604296232.vcxproj]


“C:\work\60-video\ve\opencvr\3rdparty\openal\build-win64\CMakeFiles\CMakeTmp\cmTryCompileExec1604296232.vcxproj”(默认目标) (1) ->
(Link 目标) -> 
  src.obj : error LNK2019: unresolved external symbol _Static_assert referenced in function main [C:\work\60-video\ve\opencvr\3rdparty\openal\build-win64\CMakeFiles\CMakeTmp\cmTryCompileExec1604296232.vcxproj]
  C:\work\60-video\ve\opencvr\3rdparty\openal\build-win64\CMakeFiles\CMakeTmp\Debug\cmTryCompileExec1604296232.exe : fatal error LNK1120: 1 unresolved externals [C:\work\60-video\ve\opencvr\3rdparty\openal\build-win64\CMakeFiles\CMakeTmp\cmTryCompileExec1604296232.vcxproj]

    1 个警告
    2 个错误

已用时间 00:00:00.92

Source file was:
int main()
 {
     _Static_assert(sizeof(int) == sizeof(int), "What");
     return 0;
 }
Performing C SOURCE FILE Test HAVE_C11_ALIGNAS failed with the following output:
Change Dir: C:/work/60-video/ve/opencvr/3rdparty/openal/build-win64/CMakeFiles/CMakeTmp

Run Build Command:"C:/Program Files (x86)/MSBuild/12.0/bin/MSBuild.exe" "cmTryCompileExec3746509578.vcxproj" "/p:Configuration=Debug" "/p:VisualStudioVersion=12.0"
Microsoft(R) 生成引擎版本 12.0.31101.0
[Microsoft .NET Framework 版本 4.0.30319.34209]
版权所有 (C) Microsoft Corporation。保留所有权利。

生成启动时间为 2015-03-14 15:42:00。
节点 1 上的项目“C:\work\60-video\ve\opencvr\3rdparty\openal\build-win64\CMakeFiles\CMakeTmp\cmTryCompileExec3746509578.vcxproj”(默认目标)。
PrepareForBuild:
  正在创建目录“cmTryCompileExec3746509578.dir\Debug\”。
  正在创建目录“C:\work\60-video\ve\opencvr\3rdparty\openal\build-win64\CMakeFiles\CMakeTmp\Debug\”。
  正在创建目录“cmTryCompileExec3746509578.dir\Debug\cmTryCom.7142D10B.tlog\”。
InitializeBuildStatus:
  正在创建“cmTryCompileExec3746509578.dir\Debug\cmTryCom.7142D10B.tlog\unsuccessfulbuild”，因为已指定“AlwaysCreate”。
ClCompile:
  C:\Program Files (x86)\Microsoft Visual Studio 12.0\VC\bin\x86_amd64\CL.exe /c /Zi /W3 /WX- /Od /Ob0 /D WIN32 /D _WINDOWS /D HAVE_C11_ALIGNAS /D _LARGEFILE_SOURCE /D _LARGE_FILES /D restrict= /D inline=__inline /D _DEBUG /D "CMAKE_INTDIR=\"Debug\"" /D _MBCS /Gm- /RTC1 /MDd /GS /fp:precise /Zc:wchar_t /Zc:forScope /Fo"cmTryCompileExec3746509578.dir\Debug\\" /Fd"cmTryCompileExec3746509578.dir\Debug\vc120.pdb" /Gd /TC /errorReport:queue "C:\work\60-video\ve\opencvr\3rdparty\openal\build-win64\CMakeFiles\CMakeTmp\src.c"
  Microsoft (R) C/C++ Optimizing Compiler Version 18.00.31101 for x64
  Copyright (C) Microsoft Corporation.  All rights reserved.
  
  cl /c /Zi /W3 /WX- /Od /Ob0 /D WIN32 /D _WINDOWS /D HAVE_C11_ALIGNAS /D _LARGEFILE_SOURCE /D _LARGE_FILES /D restrict= /D inline=__inline /D _DEBUG /D "CMAKE_INTDIR=\"Debug\"" /D _MBCS /Gm- /RTC1 /MDd /GS /fp:precise /Zc:wchar_t /Zc:forScope /Fo"cmTryCompileExec3746509578.dir\Debug\\" /Fd"cmTryCompileExec3746509578.dir\Debug\vc120.pdb" /Gd /TC /errorReport:queue "C:\work\60-video\ve\opencvr\3rdparty\openal\build-win64\CMakeFiles\CMakeTmp\src.c"
  
  src.c
C:\work\60-video\ve\opencvr\3rdparty\openal\build-win64\CMakeFiles\CMakeTmp\src.c(1): error C2143: syntax error : missing ')' before 'constant' [C:\work\60-video\ve\opencvr\3rdparty\openal\build-win64\CMakeFiles\CMakeTmp\cmTryCompileExec3746509578.vcxproj]
C:\work\60-video\ve\opencvr\3rdparty\openal\build-win64\CMakeFiles\CMakeTmp\src.c(1): error C2143: syntax error : missing '{' before 'constant' [C:\work\60-video\ve\opencvr\3rdparty\openal\build-win64\CMakeFiles\CMakeTmp\cmTryCompileExec3746509578.vcxproj]
C:\work\60-video\ve\opencvr\3rdparty\openal\build-win64\CMakeFiles\CMakeTmp\src.c(1): error C2059: syntax error : 'constant' [C:\work\60-video\ve\opencvr\3rdparty\openal\build-win64\CMakeFiles\CMakeTmp\cmTryCompileExec3746509578.vcxproj]
C:\work\60-video\ve\opencvr\3rdparty\openal\build-win64\CMakeFiles\CMakeTmp\src.c(1): error C2059: syntax error : ')' [C:\work\60-video\ve\opencvr\3rdparty\openal\build-win64\CMakeFiles\CMakeTmp\cmTryCompileExec3746509578.vcxproj]
已完成生成项目“C:\work\60-video\ve\opencvr\3rdparty\openal\build-win64\CMakeFiles\CMakeTmp\cmTryCompileExec3746509578.vcxproj”(默认目标)的操作 - 失败。

生成失败。

“C:\work\60-video\ve\opencvr\3rdparty\openal\build-win64\CMakeFiles\CMakeTmp\cmTryCompileExec3746509578.vcxproj”(默认目标) (1) ->
(ClCompile 目标) -> 
  C:\work\60-video\ve\opencvr\3rdparty\openal\build-win64\CMakeFiles\CMakeTmp\src.c(1): error C2143: syntax error : missing ')' before 'constant' [C:\work\60-video\ve\opencvr\3rdparty\openal\build-win64\CMakeFiles\CMakeTmp\cmTryCompileExec3746509578.vcxproj]
  C:\work\60-video\ve\opencvr\3rdparty\openal\build-win64\CMakeFiles\CMakeTmp\src.c(1): error C2143: syntax error : missing '{' before 'constant' [C:\work\60-video\ve\opencvr\3rdparty\openal\build-win64\CMakeFiles\CMakeTmp\cmTryCompileExec3746509578.vcxproj]
  C:\work\60-video\ve\opencvr\3rdparty\openal\build-win64\CMakeFiles\CMakeTmp\src.c(1): error C2059: syntax error : 'constant' [C:\work\60-video\ve\opencvr\3rdparty\openal\build-win64\CMakeFiles\CMakeTmp\cmTryCompileExec3746509578.vcxproj]
  C:\work\60-video\ve\opencvr\3rdparty\openal\build-win64\CMakeFiles\CMakeTmp\src.c(1): error C2059: syntax error : ')' [C:\work\60-video\ve\opencvr\3rdparty\openal\build-win64\CMakeFiles\CMakeTmp\cmTryCompileExec3746509578.vcxproj]

    0 个警告
    4 个错误

已用时间 00:00:00.56

Source file was:
_Alignas(16) int foo;
 int main()
 {
     return 0;
 }
Performing C SOURCE FILE Test HAVE_C11_ATOMIC failed with the following output:
Change Dir: C:/work/60-video/ve/opencvr/3rdparty/openal/build-win64/CMakeFiles/CMakeTmp

Run Build Command:"C:/Program Files (x86)/MSBuild/12.0/bin/MSBuild.exe" "cmTryCompileExec4128345654.vcxproj" "/p:Configuration=Debug" "/p:VisualStudioVersion=12.0"
Microsoft(R) 生成引擎版本 12.0.31101.0
[Microsoft .NET Framework 版本 4.0.30319.34209]
版权所有 (C) Microsoft Corporation。保留所有权利。

生成启动时间为 2015-03-14 15:42:01。
节点 1 上的项目“C:\work\60-video\ve\opencvr\3rdparty\openal\build-win64\CMakeFiles\CMakeTmp\cmTryCompileExec4128345654.vcxproj”(默认目标)。
PrepareForBuild:
  正在创建目录“cmTryCompileExec4128345654.dir\Debug\”。
  正在创建目录“C:\work\60-video\ve\opencvr\3rdparty\openal\build-win64\CMakeFiles\CMakeTmp\Debug\”。
  正在创建目录“cmTryCompileExec4128345654.dir\Debug\cmTryCom.E94EF43F.tlog\”。
InitializeBuildStatus:
  正在创建“cmTryCompileExec4128345654.dir\Debug\cmTryCom.E94EF43F.tlog\unsuccessfulbuild”，因为已指定“AlwaysCreate”。
ClCompile:
  C:\Program Files (x86)\Microsoft Visual Studio 12.0\VC\bin\x86_amd64\CL.exe /c /Zi /W3 /WX- /Od /Ob0 /D WIN32 /D _WINDOWS /D HAVE_C11_ATOMIC /D _LARGEFILE_SOURCE /D _LARGE_FILES /D restrict= /D inline=__inline /D _DEBUG /D "CMAKE_INTDIR=\"Debug\"" /D _MBCS /Gm- /RTC1 /MDd /GS /fp:precise /Zc:wchar_t /Zc:forScope /Fo"cmTryCompileExec4128345654.dir\Debug\\" /Fd"cmTryCompileExec4128345654.dir\Debug\vc120.pdb" /Gd /TC /errorReport:queue "C:\work\60-video\ve\opencvr\3rdparty\openal\build-win64\CMakeFiles\CMakeTmp\src.c"
  Microsoft (R) C/C++ Optimizing Compiler Version 18.00.31101 for x64
  Copyright (C) Microsoft Corporation.  All rights reserved.
  
  cl /c /Zi /W3 /WX- /Od /Ob0 /D WIN32 /D _WINDOWS /D HAVE_C11_ATOMIC /D _LARGEFILE_SOURCE /D _LARGE_FILES /D restrict= /D inline=__inline /D _DEBUG /D "CMAKE_INTDIR=\"Debug\"" /D _MBCS /Gm- /RTC1 /MDd /GS /fp:precise /Zc:wchar_t /Zc:forScope /Fo"cmTryCompileExec4128345654.dir\Debug\\" /Fd"cmTryCompileExec4128345654.dir\Debug\vc120.pdb" /Gd /TC /errorReport:queue "C:\work\60-video\ve\opencvr\3rdparty\openal\build-win64\CMakeFiles\CMakeTmp\src.c"
  
  src.c
C:\work\60-video\ve\opencvr\3rdparty\openal\build-win64\CMakeFiles\CMakeTmp\src.c(1): fatal error C1083: Cannot open include file: 'stdatomic.h': No such file or directory [C:\work\60-video\ve\opencvr\3rdparty\openal\build-win64\CMakeFiles\CMakeTmp\cmTryCompileExec4128345654.vcxproj]
已完成生成项目“C:\work\60-video\ve\opencvr\3rdparty\openal\build-win64\CMakeFiles\CMakeTmp\cmTryCompileExec4128345654.vcxproj”(默认目标)的操作 - 失败。

生成失败。

“C:\work\60-video\ve\opencvr\3rdparty\openal\build-win64\CMakeFiles\CMakeTmp\cmTryCompileExec4128345654.vcxproj”(默认目标) (1) ->
(ClCompile 目标) -> 
  C:\work\60-video\ve\opencvr\3rdparty\openal\build-win64\CMakeFiles\CMakeTmp\src.c(1): fatal error C1083: Cannot open include file: 'stdatomic.h': No such file or directory [C:\work\60-video\ve\opencvr\3rdparty\openal\build-win64\CMakeFiles\CMakeTmp\cmTryCompileExec4128345654.vcxproj]

    0 个警告
    1 个错误

已用时间 00:00:00.53

Source file was:
#include <stdatomic.h>
 int _Atomic foo;
 int main()
 {
     return atomic_load(&foo);
 }
Performing C SOURCE FILE Test HAVE_GCC_FORMAT failed with the following output:
Change Dir: C:/work/60-video/ve/opencvr/3rdparty/openal/build-win64/CMakeFiles/CMakeTmp

Run Build Command:"C:/Program Files (x86)/MSBuild/12.0/bin/MSBuild.exe" "cmTryCompileExec18490165.vcxproj" "/p:Configuration=Debug" "/p:VisualStudioVersion=12.0"
Microsoft(R) 生成引擎版本 12.0.31101.0
[Microsoft .NET Framework 版本 4.0.30319.34209]
版权所有 (C) Microsoft Corporation。保留所有权利。

生成启动时间为 2015-03-14 15:42:02。
节点 1 上的项目“C:\work\60-video\ve\opencvr\3rdparty\openal\build-win64\CMakeFiles\CMakeTmp\cmTryCompileExec18490165.vcxproj”(默认目标)。
PrepareForBuild:
  正在创建目录“cmTryCompileExec18490165.dir\Debug\”。
  正在创建目录“C:\work\60-video\ve\opencvr\3rdparty\openal\build-win64\CMakeFiles\CMakeTmp\Debug\”。
  正在创建目录“cmTryCompileExec18490165.dir\Debug\cmTryCom.4CD7AC4D.tlog\”。
InitializeBuildStatus:
  正在创建“cmTryCompileExec18490165.dir\Debug\cmTryCom.4CD7AC4D.tlog\unsuccessfulbuild”，因为已指定“AlwaysCreate”。
ClCompile:
  C:\Program Files (x86)\Microsoft Visual Studio 12.0\VC\bin\x86_amd64\CL.exe /c /I"C:\Program Files (x86)\Microsoft DirectX SDK (June 2010)\Include" /Zi /W3 /WX- /Od /Ob0 /D WIN32 /D _WINDOWS /D HAVE_GCC_FORMAT /D _LARGEFILE_SOURCE /D _LARGE_FILES /D restrict= /D inline=__inline /D _DEBUG /D "CMAKE_INTDIR=\"Debug\"" /D _MBCS /Gm- /RTC1 /MDd /GS /fp:precise /Zc:wchar_t /Zc:forScope /Fo"cmTryCompileExec18490165.dir\Debug\\" /Fd"cmTryCompileExec18490165.dir\Debug\vc120.pdb" /Gd /TC /errorReport:queue "C:\work\60-video\ve\opencvr\3rdparty\openal\build-win64\CMakeFiles\CMakeTmp\src.c"
  Microsoft (R) C/C++ Optimizing Compiler Version 18.00.31101 for x64
  Copyright (C) Microsoft Corporation.  All rights reserved.
  
  cl /c /I"C:\Program Files (x86)\Microsoft DirectX SDK (June 2010)\Include" /Zi /W3 /WX- /Od /Ob0 /D WIN32 /D _WINDOWS /D HAVE_GCC_FORMAT /D _LARGEFILE_SOURCE /D _LARGE_FILES /D restrict= /D inline=__inline /D _DEBUG /D "CMAKE_INTDIR=\"Debug\"" /D _MBCS /Gm- /RTC1 /MDd /GS /fp:precise /Zc:wchar_t /Zc:forScope /Fo"cmTryCompileExec18490165.dir\Debug\\" /Fd"cmTryCompileExec18490165.dir\Debug\vc120.pdb" /Gd /TC /errorReport:queue "C:\work\60-video\ve\opencvr\3rdparty\openal\build-win64\CMakeFiles\CMakeTmp\src.c"
  
  src.c
C:\work\60-video\ve\opencvr\3rdparty\openal\build-win64\CMakeFiles\CMakeTmp\src.c(1): error C2061: syntax error : identifier '__attribute__' [C:\work\60-video\ve\opencvr\3rdparty\openal\build-win64\CMakeFiles\CMakeTmp\cmTryCompileExec18490165.vcxproj]
C:\work\60-video\ve\opencvr\3rdparty\openal\build-win64\CMakeFiles\CMakeTmp\src.c(1): error C2059: syntax error : ';' [C:\work\60-video\ve\opencvr\3rdparty\openal\build-win64\CMakeFiles\CMakeTmp\cmTryCompileExec18490165.vcxproj]
C:\work\60-video\ve\opencvr\3rdparty\openal\build-win64\CMakeFiles\CMakeTmp\src.c(1): error C2059: syntax error : ',' [C:\work\60-video\ve\opencvr\3rdparty\openal\build-win64\CMakeFiles\CMakeTmp\cmTryCompileExec18490165.vcxproj]
C:\work\60-video\ve\opencvr\3rdparty\openal\build-win64\CMakeFiles\CMakeTmp\src.c(1): error C2143: syntax error : missing ')' before 'constant' [C:\work\60-video\ve\opencvr\3rdparty\openal\build-win64\CMakeFiles\CMakeTmp\cmTryCompileExec18490165.vcxproj]
已完成生成项目“C:\work\60-video\ve\opencvr\3rdparty\openal\build-win64\CMakeFiles\CMakeTmp\cmTryCompileExec18490165.vcxproj”(默认目标)的操作 - 失败。

生成失败。

“C:\work\60-video\ve\opencvr\3rdparty\openal\build-win64\CMakeFiles\CMakeTmp\cmTryCompileExec18490165.vcxproj”(默认目标) (1) ->
(ClCompile 目标) -> 
  C:\work\60-video\ve\opencvr\3rdparty\openal\build-win64\CMakeFiles\CMakeTmp\src.c(1): error C2061: syntax error : identifier '__attribute__' [C:\work\60-video\ve\opencvr\3rdparty\openal\build-win64\CMakeFiles\CMakeTmp\cmTryCompileExec18490165.vcxproj]
  C:\work\60-video\ve\opencvr\3rdparty\openal\build-win64\CMakeFiles\CMakeTmp\src.c(1): error C2059: syntax error : ';' [C:\work\60-video\ve\opencvr\3rdparty\openal\build-win64\CMakeFiles\CMakeTmp\cmTryCompileExec18490165.vcxproj]
  C:\work\60-video\ve\opencvr\3rdparty\openal\build-win64\CMakeFiles\CMakeTmp\src.c(1): error C2059: syntax error : ',' [C:\work\60-video\ve\opencvr\3rdparty\openal\build-win64\CMakeFiles\CMakeTmp\cmTryCompileExec18490165.vcxproj]
  C:\work\60-video\ve\opencvr\3rdparty\openal\build-win64\CMakeFiles\CMakeTmp\src.c(1): error C2143: syntax error : missing ')' before 'constant' [C:\work\60-video\ve\opencvr\3rdparty\openal\build-win64\CMakeFiles\CMakeTmp\cmTryCompileExec18490165.vcxproj]

    0 个警告
    4 个错误

已用时间 00:00:00.54

Source file was:
int foo(const char *str, ...) __attribute__((format(printf, 1, 2)));
                         int main() {return 0;}
Determining if the include file stdalign.h exists failed with the following output:
Change Dir: C:/work/60-video/ve/opencvr/3rdparty/openal/build-win64/CMakeFiles/CMakeTmp

Run Build Command:"C:/Program Files (x86)/MSBuild/12.0/bin/MSBuild.exe" "cmTryCompileExec4025274032.vcxproj" "/p:Configuration=Debug" "/p:VisualStudioVersion=12.0"
Microsoft(R) 生成引擎版本 12.0.31101.0
[Microsoft .NET Framework 版本 4.0.30319.34209]
版权所有 (C) Microsoft Corporation。保留所有权利。

生成启动时间为 2015-03-14 15:42:04。
节点 1 上的项目“C:\work\60-video\ve\opencvr\3rdparty\openal\build-win64\CMakeFiles\CMakeTmp\cmTryCompileExec4025274032.vcxproj”(默认目标)。
PrepareForBuild:
  正在创建目录“cmTryCompileExec4025274032.dir\Debug\”。
  正在创建目录“C:\work\60-video\ve\opencvr\3rdparty\openal\build-win64\CMakeFiles\CMakeTmp\Debug\”。
  正在创建目录“cmTryCompileExec4025274032.dir\Debug\cmTryCom.9C2FC9B4.tlog\”。
InitializeBuildStatus:
  正在创建“cmTryCompileExec4025274032.dir\Debug\cmTryCom.9C2FC9B4.tlog\unsuccessfulbuild”，因为已指定“AlwaysCreate”。
ClCompile:
  C:\Program Files (x86)\Microsoft Visual Studio 12.0\VC\bin\x86_amd64\CL.exe /c /I"C:\Program Files (x86)\Microsoft DirectX SDK (June 2010)\Include" /Zi /W3 /WX- /Od /Ob0 /D WIN32 /D _WINDOWS /D _LARGEFILE_SOURCE /D _LARGE_FILES /D restrict= /D inline=__inline /D _DEBUG /D "CMAKE_INTDIR=\"Debug\"" /D _MBCS /Gm- /RTC1 /MDd /GS /fp:precise /Zc:wchar_t /Zc:forScope /Fo"cmTryCompileExec4025274032.dir\Debug\\" /Fd"cmTryCompileExec4025274032.dir\Debug\vc120.pdb" /Gd /TC /errorReport:queue "C:\work\60-video\ve\opencvr\3rdparty\openal\build-win64\CMakeFiles\CMakeTmp\CheckIncludeFile.c"
  Microsoft (R) C/C++ Optimizing Compiler Version 18.00.31101 for x64
  Copyright (C) Microsoft Corporation.  All rights reserved.
  
  cl /c /I"C:\Program Files (x86)\Microsoft DirectX SDK (June 2010)\Include" /Zi /W3 /WX- /Od /Ob0 /D WIN32 /D _WINDOWS /D _LARGEFILE_SOURCE /D _LARGE_FILES /D restrict= /D inline=__inline /D _DEBUG /D "CMAKE_INTDIR=\"Debug\"" /D _MBCS /Gm- /RTC1 /MDd /GS /fp:precise /Zc:wchar_t /Zc:forScope /Fo"cmTryCompileExec4025274032.dir\Debug\\" /Fd"cmTryCompileExec4025274032.dir\Debug\vc120.pdb" /Gd /TC /errorReport:queue "C:\work\60-video\ve\opencvr\3rdparty\openal\build-win64\CMakeFiles\CMakeTmp\CheckIncludeFile.c"
  
  CheckIncludeFile.c
C:\work\60-video\ve\opencvr\3rdparty\openal\build-win64\CMakeFiles\CMakeTmp\CheckIncludeFile.c(1): fatal error C1083: Cannot open include file: 'stdalign.h': No such file or directory [C:\work\60-video\ve\opencvr\3rdparty\openal\build-win64\CMakeFiles\CMakeTmp\cmTryCompileExec4025274032.vcxproj]
已完成生成项目“C:\work\60-video\ve\opencvr\3rdparty\openal\build-win64\CMakeFiles\CMakeTmp\cmTryCompileExec4025274032.vcxproj”(默认目标)的操作 - 失败。

生成失败。

“C:\work\60-video\ve\opencvr\3rdparty\openal\build-win64\CMakeFiles\CMakeTmp\cmTryCompileExec4025274032.vcxproj”(默认目标) (1) ->
(ClCompile 目标) -> 
  C:\work\60-video\ve\opencvr\3rdparty\openal\build-win64\CMakeFiles\CMakeTmp\CheckIncludeFile.c(1): fatal error C1083: Cannot open include file: 'stdalign.h': No such file or directory [C:\work\60-video\ve\opencvr\3rdparty\openal\build-win64\CMakeFiles\CMakeTmp\cmTryCompileExec4025274032.vcxproj]

    0 个警告
    1 个错误

已用时间 00:00:00.53


Determining if the include file ftw.h exists failed with the following output:
Change Dir: C:/work/60-video/ve/opencvr/3rdparty/openal/build-win64/CMakeFiles/CMakeTmp

Run Build Command:"C:/Program Files (x86)/MSBuild/12.0/bin/MSBuild.exe" "cmTryCompileExec3583607438.vcxproj" "/p:Configuration=Debug" "/p:VisualStudioVersion=12.0"
Microsoft(R) 生成引擎版本 12.0.31101.0
[Microsoft .NET Framework 版本 4.0.30319.34209]
版权所有 (C) Microsoft Corporation。保留所有权利。

生成启动时间为 2015-03-14 15:42:06。
节点 1 上的项目“C:\work\60-video\ve\opencvr\3rdparty\openal\build-win64\CMakeFiles\CMakeTmp\cmTryCompileExec3583607438.vcxproj”(默认目标)。
PrepareForBuild:
  正在创建目录“cmTryCompileExec3583607438.dir\Debug\”。
  正在创建目录“C:\work\60-video\ve\opencvr\3rdparty\openal\build-win64\CMakeFiles\CMakeTmp\Debug\”。
  正在创建目录“cmTryCompileExec3583607438.dir\Debug\cmTryCom.F579E263.tlog\”。
InitializeBuildStatus:
  正在创建“cmTryCompileExec3583607438.dir\Debug\cmTryCom.F579E263.tlog\unsuccessfulbuild”，因为已指定“AlwaysCreate”。
ClCompile:
  C:\Program Files (x86)\Microsoft Visual Studio 12.0\VC\bin\x86_amd64\CL.exe /c /I"C:\Program Files (x86)\Microsoft DirectX SDK (June 2010)\Include" /Zi /W3 /WX- /Od /Ob0 /D WIN32 /D _WINDOWS /D _LARGEFILE_SOURCE /D _LARGE_FILES /D restrict= /D inline=__inline /D _DEBUG /D "CMAKE_INTDIR=\"Debug\"" /D _MBCS /Gm- /RTC1 /MDd /GS /fp:precise /Zc:wchar_t /Zc:forScope /Fo"cmTryCompileExec3583607438.dir\Debug\\" /Fd"cmTryCompileExec3583607438.dir\Debug\vc120.pdb" /Gd /TC /errorReport:queue "C:\work\60-video\ve\opencvr\3rdparty\openal\build-win64\CMakeFiles\CMakeTmp\CheckIncludeFile.c"
  Microsoft (R) C/C++ Optimizing Compiler Version 18.00.31101 for x64
  Copyright (C) Microsoft Corporation.  All rights reserved.
  
  cl /c /I"C:\Program Files (x86)\Microsoft DirectX SDK (June 2010)\Include" /Zi /W3 /WX- /Od /Ob0 /D WIN32 /D _WINDOWS /D _LARGEFILE_SOURCE /D _LARGE_FILES /D restrict= /D inline=__inline /D _DEBUG /D "CMAKE_INTDIR=\"Debug\"" /D _MBCS /Gm- /RTC1 /MDd /GS /fp:precise /Zc:wchar_t /Zc:forScope /Fo"cmTryCompileExec3583607438.dir\Debug\\" /Fd"cmTryCompileExec3583607438.dir\Debug\vc120.pdb" /Gd /TC /errorReport:queue "C:\work\60-video\ve\opencvr\3rdparty\openal\build-win64\CMakeFiles\CMakeTmp\CheckIncludeFile.c"
  
  CheckIncludeFile.c
C:\work\60-video\ve\opencvr\3rdparty\openal\build-win64\CMakeFiles\CMakeTmp\CheckIncludeFile.c(1): fatal error C1083: Cannot open include file: 'ftw.h': No such file or directory [C:\work\60-video\ve\opencvr\3rdparty\openal\build-win64\CMakeFiles\CMakeTmp\cmTryCompileExec3583607438.vcxproj]
已完成生成项目“C:\work\60-video\ve\opencvr\3rdparty\openal\build-win64\CMakeFiles\CMakeTmp\cmTryCompileExec3583607438.vcxproj”(默认目标)的操作 - 失败。

生成失败。

“C:\work\60-video\ve\opencvr\3rdparty\openal\build-win64\CMakeFiles\CMakeTmp\cmTryCompileExec3583607438.vcxproj”(默认目标) (1) ->
(ClCompile 目标) -> 
  C:\work\60-video\ve\opencvr\3rdparty\openal\build-win64\CMakeFiles\CMakeTmp\CheckIncludeFile.c(1): fatal error C1083: Cannot open include file: 'ftw.h': No such file or directory [C:\work\60-video\ve\opencvr\3rdparty\openal\build-win64\CMakeFiles\CMakeTmp\cmTryCompileExec3583607438.vcxproj]

    0 个警告
    1 个错误

已用时间 00:00:00.50


Determining if the include file strings.h exists failed with the following output:
Change Dir: C:/work/60-video/ve/opencvr/3rdparty/openal/build-win64/CMakeFiles/CMakeTmp

Run Build Command:"C:/Program Files (x86)/MSBuild/12.0/bin/MSBuild.exe" "cmTryCompileExec2979933800.vcxproj" "/p:Configuration=Debug" "/p:VisualStudioVersion=12.0"
Microsoft(R) 生成引擎版本 12.0.31101.0
[Microsoft .NET Framework 版本 4.0.30319.34209]
版权所有 (C) Microsoft Corporation。保留所有权利。

生成启动时间为 2015-03-14 15:42:08。
节点 1 上的项目“C:\work\60-video\ve\opencvr\3rdparty\openal\build-win64\CMakeFiles\CMakeTmp\cmTryCompileExec2979933800.vcxproj”(默认目标)。
PrepareForBuild:
  正在创建目录“cmTryCompileExec2979933800.dir\Debug\”。
  正在创建目录“C:\work\60-video\ve\opencvr\3rdparty\openal\build-win64\CMakeFiles\CMakeTmp\Debug\”。
  正在创建目录“cmTryCompileExec2979933800.dir\Debug\cmTryCom.AF196072.tlog\”。
InitializeBuildStatus:
  正在创建“cmTryCompileExec2979933800.dir\Debug\cmTryCom.AF196072.tlog\unsuccessfulbuild”，因为已指定“AlwaysCreate”。
ClCompile:
  C:\Program Files (x86)\Microsoft Visual Studio 12.0\VC\bin\x86_amd64\CL.exe /c /I"C:\Program Files (x86)\Microsoft DirectX SDK (June 2010)\Include" /Zi /W3 /WX- /Od /Ob0 /D WIN32 /D _WINDOWS /D _LARGEFILE_SOURCE /D _LARGE_FILES /D restrict= /D inline=__inline /D _DEBUG /D "CMAKE_INTDIR=\"Debug\"" /D _MBCS /Gm- /RTC1 /MDd /GS /fp:precise /Zc:wchar_t /Zc:forScope /Fo"cmTryCompileExec2979933800.dir\Debug\\" /Fd"cmTryCompileExec2979933800.dir\Debug\vc120.pdb" /Gd /TC /errorReport:queue "C:\work\60-video\ve\opencvr\3rdparty\openal\build-win64\CMakeFiles\CMakeTmp\CheckIncludeFile.c"
  Microsoft (R) C/C++ Optimizing Compiler Version 18.00.31101 for x64
  Copyright (C) Microsoft Corporation.  All rights reserved.
  
  cl /c /I"C:\Program Files (x86)\Microsoft DirectX SDK (June 2010)\Include" /Zi /W3 /WX- /Od /Ob0 /D WIN32 /D _WINDOWS /D _LARGEFILE_SOURCE /D _LARGE_FILES /D restrict= /D inline=__inline /D _DEBUG /D "CMAKE_INTDIR=\"Debug\"" /D _MBCS /Gm- /RTC1 /MDd /GS /fp:precise /Zc:wchar_t /Zc:forScope /Fo"cmTryCompileExec2979933800.dir\Debug\\" /Fd"cmTryCompileExec2979933800.dir\Debug\vc120.pdb" /Gd /TC /errorReport:queue "C:\work\60-video\ve\opencvr\3rdparty\openal\build-win64\CMakeFiles\CMakeTmp\CheckIncludeFile.c"
  
  CheckIncludeFile.c
C:\work\60-video\ve\opencvr\3rdparty\openal\build-win64\CMakeFiles\CMakeTmp\CheckIncludeFile.c(1): fatal error C1083: Cannot open include file: 'strings.h': No such file or directory [C:\work\60-video\ve\opencvr\3rdparty\openal\build-win64\CMakeFiles\CMakeTmp\cmTryCompileExec2979933800.vcxproj]
已完成生成项目“C:\work\60-video\ve\opencvr\3rdparty\openal\build-win64\CMakeFiles\CMakeTmp\cmTryCompileExec2979933800.vcxproj”(默认目标)的操作 - 失败。

生成失败。

“C:\work\60-video\ve\opencvr\3rdparty\openal\build-win64\CMakeFiles\CMakeTmp\cmTryCompileExec2979933800.vcxproj”(默认目标) (1) ->
(ClCompile 目标) -> 
  C:\work\60-video\ve\opencvr\3rdparty\openal\build-win64\CMakeFiles\CMakeTmp\CheckIncludeFile.c(1): fatal error C1083: Cannot open include file: 'strings.h': No such file or directory [C:\work\60-video\ve\opencvr\3rdparty\openal\build-win64\CMakeFiles\CMakeTmp\cmTryCompileExec2979933800.vcxproj]

    0 个警告
    1 个错误

已用时间 00:00:00.63


Determining if the include file cpuid.h exists failed with the following output:
Change Dir: C:/work/60-video/ve/opencvr/3rdparty/openal/build-win64/CMakeFiles/CMakeTmp

Run Build Command:"C:/Program Files (x86)/MSBuild/12.0/bin/MSBuild.exe" "cmTryCompileExec703024207.vcxproj" "/p:Configuration=Debug" "/p:VisualStudioVersion=12.0"
Microsoft(R) 生成引擎版本 12.0.31101.0
[Microsoft .NET Framework 版本 4.0.30319.34209]
版权所有 (C) Microsoft Corporation。保留所有权利。

生成启动时间为 2015-03-14 15:42:09。
节点 1 上的项目“C:\work\60-video\ve\opencvr\3rdparty\openal\build-win64\CMakeFiles\CMakeTmp\cmTryCompileExec703024207.vcxproj”(默认目标)。
PrepareForBuild:
  正在创建目录“cmTryCompileExec703024207.dir\Debug\”。
  正在创建目录“C:\work\60-video\ve\opencvr\3rdparty\openal\build-win64\CMakeFiles\CMakeTmp\Debug\”。
  正在创建目录“cmTryCompileExec703024207.dir\Debug\cmTryCom.DF04DBB7.tlog\”。
InitializeBuildStatus:
  正在创建“cmTryCompileExec703024207.dir\Debug\cmTryCom.DF04DBB7.tlog\unsuccessfulbuild”，因为已指定“AlwaysCreate”。
ClCompile:
  C:\Program Files (x86)\Microsoft Visual Studio 12.0\VC\bin\x86_amd64\CL.exe /c /I"C:\Program Files (x86)\Microsoft DirectX SDK (June 2010)\Include" /Zi /W3 /WX- /Od /Ob0 /D WIN32 /D _WINDOWS /D _LARGEFILE_SOURCE /D _LARGE_FILES /D restrict= /D inline=__inline /D _DEBUG /D "CMAKE_INTDIR=\"Debug\"" /D _MBCS /Gm- /RTC1 /MDd /GS /fp:precise /Zc:wchar_t /Zc:forScope /Fo"cmTryCompileExec703024207.dir\Debug\\" /Fd"cmTryCompileExec703024207.dir\Debug\vc120.pdb" /Gd /TC /errorReport:queue "C:\work\60-video\ve\opencvr\3rdparty\openal\build-win64\CMakeFiles\CMakeTmp\CheckIncludeFile.c"
  Microsoft (R) C/C++ Optimizing Compiler Version 18.00.31101 for x64
  Copyright (C) Microsoft Corporation.  All rights reserved.
  
  cl /c /I"C:\Program Files (x86)\Microsoft DirectX SDK (June 2010)\Include" /Zi /W3 /WX- /Od /Ob0 /D WIN32 /D _WINDOWS /D _LARGEFILE_SOURCE /D _LARGE_FILES /D restrict= /D inline=__inline /D _DEBUG /D "CMAKE_INTDIR=\"Debug\"" /D _MBCS /Gm- /RTC1 /MDd /GS /fp:precise /Zc:wchar_t /Zc:forScope /Fo"cmTryCompileExec703024207.dir\Debug\\" /Fd"cmTryCompileExec703024207.dir\Debug\vc120.pdb" /Gd /TC /errorReport:queue "C:\work\60-video\ve\opencvr\3rdparty\openal\build-win64\CMakeFiles\CMakeTmp\CheckIncludeFile.c"
  
  CheckIncludeFile.c
C:\work\60-video\ve\opencvr\3rdparty\openal\build-win64\CMakeFiles\CMakeTmp\CheckIncludeFile.c(1): fatal error C1083: Cannot open include file: 'cpuid.h': No such file or directory [C:\work\60-video\ve\opencvr\3rdparty\openal\build-win64\CMakeFiles\CMakeTmp\cmTryCompileExec703024207.vcxproj]
已完成生成项目“C:\work\60-video\ve\opencvr\3rdparty\openal\build-win64\CMakeFiles\CMakeTmp\cmTryCompileExec703024207.vcxproj”(默认目标)的操作 - 失败。

生成失败。

“C:\work\60-video\ve\opencvr\3rdparty\openal\build-win64\CMakeFiles\CMakeTmp\cmTryCompileExec703024207.vcxproj”(默认目标) (1) ->
(ClCompile 目标) -> 
  C:\work\60-video\ve\opencvr\3rdparty\openal\build-win64\CMakeFiles\CMakeTmp\CheckIncludeFile.c(1): fatal error C1083: Cannot open include file: 'cpuid.h': No such file or directory [C:\work\60-video\ve\opencvr\3rdparty\openal\build-win64\CMakeFiles\CMakeTmp\cmTryCompileExec703024207.vcxproj]

    0 个警告
    1 个错误

已用时间 00:00:00.54


Determining if the include file sys/sysconf.h exists failed with the following output:
Change Dir: C:/work/60-video/ve/opencvr/3rdparty/openal/build-win64/CMakeFiles/CMakeTmp

Run Build Command:"C:/Program Files (x86)/MSBuild/12.0/bin/MSBuild.exe" "cmTryCompileExec2353751738.vcxproj" "/p:Configuration=Debug" "/p:VisualStudioVersion=12.0"
Microsoft(R) 生成引擎版本 12.0.31101.0
[Microsoft .NET Framework 版本 4.0.30319.34209]
版权所有 (C) Microsoft Corporation。保留所有权利。

生成启动时间为 2015-03-14 15:42:12。
节点 1 上的项目“C:\work\60-video\ve\opencvr\3rdparty\openal\build-win64\CMakeFiles\CMakeTmp\cmTryCompileExec2353751738.vcxproj”(默认目标)。
PrepareForBuild:
  正在创建目录“cmTryCompileExec2353751738.dir\Debug\”。
  正在创建目录“C:\work\60-video\ve\opencvr\3rdparty\openal\build-win64\CMakeFiles\CMakeTmp\Debug\”。
  正在创建目录“cmTryCompileExec2353751738.dir\Debug\cmTryCom.4016F0C7.tlog\”。
InitializeBuildStatus:
  正在创建“cmTryCompileExec2353751738.dir\Debug\cmTryCom.4016F0C7.tlog\unsuccessfulbuild”，因为已指定“AlwaysCreate”。
ClCompile:
  C:\Program Files (x86)\Microsoft Visual Studio 12.0\VC\bin\x86_amd64\CL.exe /c /I"C:\Program Files (x86)\Microsoft DirectX SDK (June 2010)\Include" /Zi /W3 /WX- /Od /Ob0 /D WIN32 /D _WINDOWS /D _LARGEFILE_SOURCE /D _LARGE_FILES /D restrict= /D inline=__inline /D _DEBUG /D "CMAKE_INTDIR=\"Debug\"" /D _MBCS /Gm- /RTC1 /MDd /GS /fp:precise /Zc:wchar_t /Zc:forScope /Fo"cmTryCompileExec2353751738.dir\Debug\\" /Fd"cmTryCompileExec2353751738.dir\Debug\vc120.pdb" /Gd /TC /errorReport:queue "C:\work\60-video\ve\opencvr\3rdparty\openal\build-win64\CMakeFiles\CMakeTmp\CheckIncludeFile.c"
  Microsoft (R) C/C++ Optimizing Compiler Version 18.00.31101 for x64
  Copyright (C) Microsoft Corporation.  All rights reserved.
  
  cl /c /I"C:\Program Files (x86)\Microsoft DirectX SDK (June 2010)\Include" /Zi /W3 /WX- /Od /Ob0 /D WIN32 /D _WINDOWS /D _LARGEFILE_SOURCE /D _LARGE_FILES /D restrict= /D inline=__inline /D _DEBUG /D "CMAKE_INTDIR=\"Debug\"" /D _MBCS /Gm- /RTC1 /MDd /GS /fp:precise /Zc:wchar_t /Zc:forScope /Fo"cmTryCompileExec2353751738.dir\Debug\\" /Fd"cmTryCompileExec2353751738.dir\Debug\vc120.pdb" /Gd /TC /errorReport:queue "C:\work\60-video\ve\opencvr\3rdparty\openal\build-win64\CMakeFiles\CMakeTmp\CheckIncludeFile.c"
  
  CheckIncludeFile.c
C:\work\60-video\ve\opencvr\3rdparty\openal\build-win64\CMakeFiles\CMakeTmp\CheckIncludeFile.c(1): fatal error C1083: Cannot open include file: 'sys/sysconf.h': No such file or directory [C:\work\60-video\ve\opencvr\3rdparty\openal\build-win64\CMakeFiles\CMakeTmp\cmTryCompileExec2353751738.vcxproj]
已完成生成项目“C:\work\60-video\ve\opencvr\3rdparty\openal\build-win64\CMakeFiles\CMakeTmp\cmTryCompileExec2353751738.vcxproj”(默认目标)的操作 - 失败。

生成失败。

“C:\work\60-video\ve\opencvr\3rdparty\openal\build-win64\CMakeFiles\CMakeTmp\cmTryCompileExec2353751738.vcxproj”(默认目标) (1) ->
(ClCompile 目标) -> 
  C:\work\60-video\ve\opencvr\3rdparty\openal\build-win64\CMakeFiles\CMakeTmp\CheckIncludeFile.c(1): fatal error C1083: Cannot open include file: 'sys/sysconf.h': No such file or directory [C:\work\60-video\ve\opencvr\3rdparty\openal\build-win64\CMakeFiles\CMakeTmp\cmTryCompileExec2353751738.vcxproj]

    0 个警告
    1 个错误

已用时间 00:00:00.67


Determining if the include file ieeefp.h exists failed with the following output:
Change Dir: C:/work/60-video/ve/opencvr/3rdparty/openal/build-win64/CMakeFiles/CMakeTmp

Run Build Command:"C:/Program Files (x86)/MSBuild/12.0/bin/MSBuild.exe" "cmTryCompileExec1067566038.vcxproj" "/p:Configuration=Debug" "/p:VisualStudioVersion=12.0"
Microsoft(R) 生成引擎版本 12.0.31101.0
[Microsoft .NET Framework 版本 4.0.30319.34209]
版权所有 (C) Microsoft Corporation。保留所有权利。

生成启动时间为 2015-03-14 15:42:16。
节点 1 上的项目“C:\work\60-video\ve\opencvr\3rdparty\openal\build-win64\CMakeFiles\CMakeTmp\cmTryCompileExec1067566038.vcxproj”(默认目标)。
PrepareForBuild:
  正在创建目录“cmTryCompileExec1067566038.dir\Debug\”。
  正在创建目录“C:\work\60-video\ve\opencvr\3rdparty\openal\build-win64\CMakeFiles\CMakeTmp\Debug\”。
  正在创建目录“cmTryCompileExec1067566038.dir\Debug\cmTryCom.AD0C3243.tlog\”。
InitializeBuildStatus:
  正在创建“cmTryCompileExec1067566038.dir\Debug\cmTryCom.AD0C3243.tlog\unsuccessfulbuild”，因为已指定“AlwaysCreate”。
ClCompile:
  C:\Program Files (x86)\Microsoft Visual Studio 12.0\VC\bin\x86_amd64\CL.exe /c /I"C:\Program Files (x86)\Microsoft DirectX SDK (June 2010)\Include" /Zi /W3 /WX- /Od /Ob0 /D WIN32 /D _WINDOWS /D _LARGEFILE_SOURCE /D _LARGE_FILES /D restrict= /D inline=__inline /D _DEBUG /D "CMAKE_INTDIR=\"Debug\"" /D _MBCS /Gm- /RTC1 /MDd /GS /fp:precise /Zc:wchar_t /Zc:forScope /Fo"cmTryCompileExec1067566038.dir\Debug\\" /Fd"cmTryCompileExec1067566038.dir\Debug\vc120.pdb" /Gd /TC /errorReport:queue "C:\work\60-video\ve\opencvr\3rdparty\openal\build-win64\CMakeFiles\CMakeTmp\CheckIncludeFile.c"
  Microsoft (R) C/C++ Optimizing Compiler Version 18.00.31101 for x64
  Copyright (C) Microsoft Corporation.  All rights reserved.
  
  cl /c /I"C:\Program Files (x86)\Microsoft DirectX SDK (June 2010)\Include" /Zi /W3 /WX- /Od /Ob0 /D WIN32 /D _WINDOWS /D _LARGEFILE_SOURCE /D _LARGE_FILES /D restrict= /D inline=__inline /D _DEBUG /D "CMAKE_INTDIR=\"Debug\"" /D _MBCS /Gm- /RTC1 /MDd /GS /fp:precise /Zc:wchar_t /Zc:forScope /Fo"cmTryCompileExec1067566038.dir\Debug\\" /Fd"cmTryCompileExec1067566038.dir\Debug\vc120.pdb" /Gd /TC /errorReport:queue "C:\work\60-video\ve\opencvr\3rdparty\openal\build-win64\CMakeFiles\CMakeTmp\CheckIncludeFile.c"
  
  CheckIncludeFile.c
C:\work\60-video\ve\opencvr\3rdparty\openal\build-win64\CMakeFiles\CMakeTmp\CheckIncludeFile.c(1): fatal error C1083: Cannot open include file: 'ieeefp.h': No such file or directory [C:\work\60-video\ve\opencvr\3rdparty\openal\build-win64\CMakeFiles\CMakeTmp\cmTryCompileExec1067566038.vcxproj]
已完成生成项目“C:\work\60-video\ve\opencvr\3rdparty\openal\build-win64\CMakeFiles\CMakeTmp\cmTryCompileExec1067566038.vcxproj”(默认目标)的操作 - 失败。

生成失败。

“C:\work\60-video\ve\opencvr\3rdparty\openal\build-win64\CMakeFiles\CMakeTmp\cmTryCompileExec1067566038.vcxproj”(默认目标) (1) ->
(ClCompile 目标) -> 
  C:\work\60-video\ve\opencvr\3rdparty\openal\build-win64\CMakeFiles\CMakeTmp\CheckIncludeFile.c(1): fatal error C1083: Cannot open include file: 'ieeefp.h': No such file or directory [C:\work\60-video\ve\opencvr\3rdparty\openal\build-win64\CMakeFiles\CMakeTmp\cmTryCompileExec1067566038.vcxproj]

    0 个警告
    1 个错误

已用时间 00:00:00.52


Determining if the function pow exists in the m failed with the following output:
Change Dir: C:/work/60-video/ve/opencvr/3rdparty/openal/build-win64/CMakeFiles/CMakeTmp

Run Build Command:"C:/Program Files (x86)/MSBuild/12.0/bin/MSBuild.exe" "cmTryCompileExec1910305638.vcxproj" "/p:Configuration=Debug" "/p:VisualStudioVersion=12.0"
Microsoft(R) 生成引擎版本 12.0.31101.0
[Microsoft .NET Framework 版本 4.0.30319.34209]
版权所有 (C) Microsoft Corporation。保留所有权利。

生成启动时间为 2015-03-14 15:42:19。
节点 1 上的项目“C:\work\60-video\ve\opencvr\3rdparty\openal\build-win64\CMakeFiles\CMakeTmp\cmTryCompileExec1910305638.vcxproj”(默认目标)。
PrepareForBuild:
  正在创建目录“cmTryCompileExec1910305638.dir\Debug\”。
  正在创建目录“C:\work\60-video\ve\opencvr\3rdparty\openal\build-win64\CMakeFiles\CMakeTmp\Debug\”。
  正在创建目录“cmTryCompileExec1910305638.dir\Debug\cmTryCom.C7E2F0BA.tlog\”。
InitializeBuildStatus:
  正在创建“cmTryCompileExec1910305638.dir\Debug\cmTryCom.C7E2F0BA.tlog\unsuccessfulbuild”，因为已指定“AlwaysCreate”。
ClCompile:
  C:\Program Files (x86)\Microsoft Visual Studio 12.0\VC\bin\x86_amd64\CL.exe /c /Zi /W3 /WX- /Od /Ob0 /D WIN32 /D _WINDOWS /D CHECK_FUNCTION_EXISTS=pow /D _LARGEFILE_SOURCE /D _LARGE_FILES /D restrict= /D inline=__inline /D _DEBUG /D "CMAKE_INTDIR=\"Debug\"" /D _MBCS /Gm- /RTC1 /MDd /GS /fp:precise /Zc:wchar_t /Zc:forScope /Fo"cmTryCompileExec1910305638.dir\Debug\\" /Fd"cmTryCompileExec1910305638.dir\Debug\vc120.pdb" /Gd /TC /errorReport:queue "C:\Program Files (x86)\CMake\share\cmake-3.1\Modules\CheckFunctionExists.c"
  Microsoft (R) C/C++ Optimizing Compiler Version 18.00.31101 for x64
  Copyright (C) Microsoft Corporation.  All rights reserved.
  
  cl /c /Zi /W3 /WX- /Od /Ob0 /D WIN32 /D _WINDOWS /D CHECK_FUNCTION_EXISTS=pow /D _LARGEFILE_SOURCE /D _LARGE_FILES /D restrict= /D inline=__inline /D _DEBUG /D "CMAKE_INTDIR=\"Debug\"" /D _MBCS /Gm- /RTC1 /MDd /GS /fp:precise /Zc:wchar_t /Zc:forScope /Fo"cmTryCompileExec1910305638.dir\Debug\\" /Fd"cmTryCompileExec1910305638.dir\Debug\vc120.pdb" /Gd /TC /errorReport:queue "C:\Program Files (x86)\CMake\share\cmake-3.1\Modules\CheckFunctionExists.c"
  
  CheckFunctionExists.c
Link:
  C:\Program Files (x86)\Microsoft Visual Studio 12.0\VC\bin\x86_amd64\link.exe /ERRORREPORT:QUEUE /OUT:"C:\work\60-video\ve\opencvr\3rdparty\openal\build-win64\CMakeFiles\CMakeTmp\Debug\cmTryCompileExec1910305638.exe" /INCREMENTAL /NOLOGO kernel32.lib user32.lib gdi32.lib winspool.lib shell32.lib ole32.lib oleaut32.lib uuid.lib comdlg32.lib advapi32.lib m.lib /MANIFEST /MANIFESTUAC:"level='asInvoker' uiAccess='false'" /manifest:embed /DEBUG /PDB:"C:/work/60-video/ve/opencvr/3rdparty/openal/build-win64/CMakeFiles/CMakeTmp/Debug/cmTryCompileExec1910305638.pdb" /SUBSYSTEM:CONSOLE /TLBID:1 /DYNAMICBASE /NXCOMPAT /IMPLIB:"C:/work/60-video/ve/opencvr/3rdparty/openal/build-win64/CMakeFiles/CMakeTmp/Debug/cmTryCompileExec1910305638.lib" /MACHINE:X64  /machine:x64 /debug cmTryCompileExec1910305638.dir\Debug\CheckFunctionExists.obj
LINK : fatal error LNK1104: cannot open file 'm.lib' [C:\work\60-video\ve\opencvr\3rdparty\openal\build-win64\CMakeFiles\CMakeTmp\cmTryCompileExec1910305638.vcxproj]
已完成生成项目“C:\work\60-video\ve\opencvr\3rdparty\openal\build-win64\CMakeFiles\CMakeTmp\cmTryCompileExec1910305638.vcxproj”(默认目标)的操作 - 失败。

生成失败。

“C:\work\60-video\ve\opencvr\3rdparty\openal\build-win64\CMakeFiles\CMakeTmp\cmTryCompileExec1910305638.vcxproj”(默认目标) (1) ->
(Link 目标) -> 
  LINK : fatal error LNK1104: cannot open file 'm.lib' [C:\work\60-video\ve\opencvr\3rdparty\openal\build-win64\CMakeFiles\CMakeTmp\cmTryCompileExec1910305638.vcxproj]

    0 个警告
    1 个错误

已用时间 00:00:00.59


Determining if the aligned_alloc exist failed with the following output:
Change Dir: C:/work/60-video/ve/opencvr/3rdparty/openal/build-win64/CMakeFiles/CMakeTmp

Run Build Command:"C:/Program Files (x86)/MSBuild/12.0/bin/MSBuild.exe" "cmTryCompileExec2601098411.vcxproj" "/p:Configuration=Debug" "/p:VisualStudioVersion=12.0"
Microsoft(R) 生成引擎版本 12.0.31101.0
[Microsoft .NET Framework 版本 4.0.30319.34209]
版权所有 (C) Microsoft Corporation。保留所有权利。

生成启动时间为 2015-03-14 15:42:20。
节点 1 上的项目“C:\work\60-video\ve\opencvr\3rdparty\openal\build-win64\CMakeFiles\CMakeTmp\cmTryCompileExec2601098411.vcxproj”(默认目标)。
PrepareForBuild:
  正在创建目录“cmTryCompileExec2601098411.dir\Debug\”。
  正在创建目录“C:\work\60-video\ve\opencvr\3rdparty\openal\build-win64\CMakeFiles\CMakeTmp\Debug\”。
  正在创建目录“cmTryCompileExec2601098411.dir\Debug\cmTryCom.D3707E7E.tlog\”。
InitializeBuildStatus:
  正在创建“cmTryCompileExec2601098411.dir\Debug\cmTryCom.D3707E7E.tlog\unsuccessfulbuild”，因为已指定“AlwaysCreate”。
ClCompile:
  C:\Program Files (x86)\Microsoft Visual Studio 12.0\VC\bin\x86_amd64\CL.exe /c /I"C:\Program Files (x86)\Microsoft DirectX SDK (June 2010)\Include" /Zi /W3 /WX- /Od /Ob0 /D WIN32 /D _WINDOWS /D _LARGEFILE_SOURCE /D _LARGE_FILES /D restrict= /D inline=__inline /D _DEBUG /D "CMAKE_INTDIR=\"Debug\"" /D _MBCS /Gm- /RTC1 /MDd /GS /fp:precise /Zc:wchar_t /Zc:forScope /Fo"cmTryCompileExec2601098411.dir\Debug\\" /Fd"cmTryCompileExec2601098411.dir\Debug\vc120.pdb" /Gd /TC /errorReport:queue "C:\work\60-video\ve\opencvr\3rdparty\openal\build-win64\CMakeFiles\CMakeTmp\CheckSymbolExists.c"
  Microsoft (R) C/C++ Optimizing Compiler Version 18.00.31101 for x64
  Copyright (C) Microsoft Corporation.  All rights reserved.
  
  cl /c /I"C:\Program Files (x86)\Microsoft DirectX SDK (June 2010)\Include" /Zi /W3 /WX- /Od /Ob0 /D WIN32 /D _WINDOWS /D _LARGEFILE_SOURCE /D _LARGE_FILES /D restrict= /D inline=__inline /D _DEBUG /D "CMAKE_INTDIR=\"Debug\"" /D _MBCS /Gm- /RTC1 /MDd /GS /fp:precise /Zc:wchar_t /Zc:forScope /Fo"cmTryCompileExec2601098411.dir\Debug\\" /Fd"cmTryCompileExec2601098411.dir\Debug\vc120.pdb" /Gd /TC /errorReport:queue "C:\work\60-video\ve\opencvr\3rdparty\openal\build-win64\CMakeFiles\CMakeTmp\CheckSymbolExists.c"
  
  CheckSymbolExists.c
C:\work\60-video\ve\opencvr\3rdparty\openal\build-win64\CMakeFiles\CMakeTmp\CheckSymbolExists.c(8): error C2065: 'aligned_alloc' : undeclared identifier [C:\work\60-video\ve\opencvr\3rdparty\openal\build-win64\CMakeFiles\CMakeTmp\cmTryCompileExec2601098411.vcxproj]
已完成生成项目“C:\work\60-video\ve\opencvr\3rdparty\openal\build-win64\CMakeFiles\CMakeTmp\cmTryCompileExec2601098411.vcxproj”(默认目标)的操作 - 失败。

生成失败。

“C:\work\60-video\ve\opencvr\3rdparty\openal\build-win64\CMakeFiles\CMakeTmp\cmTryCompileExec2601098411.vcxproj”(默认目标) (1) ->
(ClCompile 目标) -> 
  C:\work\60-video\ve\opencvr\3rdparty\openal\build-win64\CMakeFiles\CMakeTmp\CheckSymbolExists.c(8): error C2065: 'aligned_alloc' : undeclared identifier [C:\work\60-video\ve\opencvr\3rdparty\openal\build-win64\CMakeFiles\CMakeTmp\cmTryCompileExec2601098411.vcxproj]

    0 个警告
    1 个错误

已用时间 00:00:00.57

File C:/work/60-video/ve/opencvr/3rdparty/openal/build-win64/CMakeFiles/CMakeTmp/CheckSymbolExists.c:
/* */
#include <stdlib.h>

int main(int argc, char** argv)
{
  (void)argv;
#ifndef aligned_alloc
  return ((int*)(&aligned_alloc))[argc];
#else
  (void)argc;
  return 0;
#endif
}

Determining if the posix_memalign exist failed with the following output:
Change Dir: C:/work/60-video/ve/opencvr/3rdparty/openal/build-win64/CMakeFiles/CMakeTmp

Run Build Command:"C:/Program Files (x86)/MSBuild/12.0/bin/MSBuild.exe" "cmTryCompileExec1562419850.vcxproj" "/p:Configuration=Debug" "/p:VisualStudioVersion=12.0"
Microsoft(R) 生成引擎版本 12.0.31101.0
[Microsoft .NET Framework 版本 4.0.30319.34209]
版权所有 (C) Microsoft Corporation。保留所有权利。

生成启动时间为 2015-03-14 15:42:21。
节点 1 上的项目“C:\work\60-video\ve\opencvr\3rdparty\openal\build-win64\CMakeFiles\CMakeTmp\cmTryCompileExec1562419850.vcxproj”(默认目标)。
PrepareForBuild:
  正在创建目录“cmTryCompileExec1562419850.dir\Debug\”。
  正在创建目录“C:\work\60-video\ve\opencvr\3rdparty\openal\build-win64\CMakeFiles\CMakeTmp\Debug\”。
  正在创建目录“cmTryCompileExec1562419850.dir\Debug\cmTryCom.94745679.tlog\”。
InitializeBuildStatus:
  正在创建“cmTryCompileExec1562419850.dir\Debug\cmTryCom.94745679.tlog\unsuccessfulbuild”，因为已指定“AlwaysCreate”。
ClCompile:
  C:\Program Files (x86)\Microsoft Visual Studio 12.0\VC\bin\x86_amd64\CL.exe /c /I"C:\Program Files (x86)\Microsoft DirectX SDK (June 2010)\Include" /Zi /W3 /WX- /Od /Ob0 /D WIN32 /D _WINDOWS /D _LARGEFILE_SOURCE /D _LARGE_FILES /D restrict= /D inline=__inline /D _DEBUG /D "CMAKE_INTDIR=\"Debug\"" /D _MBCS /Gm- /RTC1 /MDd /GS /fp:precise /Zc:wchar_t /Zc:forScope /Fo"cmTryCompileExec1562419850.dir\Debug\\" /Fd"cmTryCompileExec1562419850.dir\Debug\vc120.pdb" /Gd /TC /errorReport:queue "C:\work\60-video\ve\opencvr\3rdparty\openal\build-win64\CMakeFiles\CMakeTmp\CheckSymbolExists.c"
  Microsoft (R) C/C++ Optimizing Compiler Version 18.00.31101 for x64
  Copyright (C) Microsoft Corporation.  All rights reserved.
  
  cl /c /I"C:\Program Files (x86)\Microsoft DirectX SDK (June 2010)\Include" /Zi /W3 /WX- /Od /Ob0 /D WIN32 /D _WINDOWS /D _LARGEFILE_SOURCE /D _LARGE_FILES /D restrict= /D inline=__inline /D _DEBUG /D "CMAKE_INTDIR=\"Debug\"" /D _MBCS /Gm- /RTC1 /MDd /GS /fp:precise /Zc:wchar_t /Zc:forScope /Fo"cmTryCompileExec1562419850.dir\Debug\\" /Fd"cmTryCompileExec1562419850.dir\Debug\vc120.pdb" /Gd /TC /errorReport:queue "C:\work\60-video\ve\opencvr\3rdparty\openal\build-win64\CMakeFiles\CMakeTmp\CheckSymbolExists.c"
  
  CheckSymbolExists.c
C:\work\60-video\ve\opencvr\3rdparty\openal\build-win64\CMakeFiles\CMakeTmp\CheckSymbolExists.c(8): error C2065: 'posix_memalign' : undeclared identifier [C:\work\60-video\ve\opencvr\3rdparty\openal\build-win64\CMakeFiles\CMakeTmp\cmTryCompileExec1562419850.vcxproj]
已完成生成项目“C:\work\60-video\ve\opencvr\3rdparty\openal\build-win64\CMakeFiles\CMakeTmp\cmTryCompileExec1562419850.vcxproj”(默认目标)的操作 - 失败。

生成失败。

“C:\work\60-video\ve\opencvr\3rdparty\openal\build-win64\CMakeFiles\CMakeTmp\cmTryCompileExec1562419850.vcxproj”(默认目标) (1) ->
(ClCompile 目标) -> 
  C:\work\60-video\ve\opencvr\3rdparty\openal\build-win64\CMakeFiles\CMakeTmp\CheckSymbolExists.c(8): error C2065: 'posix_memalign' : undeclared identifier [C:\work\60-video\ve\opencvr\3rdparty\openal\build-win64\CMakeFiles\CMakeTmp\cmTryCompileExec1562419850.vcxproj]

    0 个警告
    1 个错误

已用时间 00:00:00.49

File C:/work/60-video/ve/opencvr/3rdparty/openal/build-win64/CMakeFiles/CMakeTmp/CheckSymbolExists.c:
/* */
#include <stdlib.h>

int main(int argc, char** argv)
{
  (void)argv;
#ifndef posix_memalign
  return ((int*)(&posix_memalign))[argc];
#else
  (void)argc;
  return 0;
#endif
}

Determining if the __control87_2 exist failed with the following output:
Change Dir: C:/work/60-video/ve/opencvr/3rdparty/openal/build-win64/CMakeFiles/CMakeTmp

Run Build Command:"C:/Program Files (x86)/MSBuild/12.0/bin/MSBuild.exe" "cmTryCompileExec2851364733.vcxproj" "/p:Configuration=Debug" "/p:VisualStudioVersion=12.0"
Microsoft(R) 生成引擎版本 12.0.31101.0
[Microsoft .NET Framework 版本 4.0.30319.34209]
版权所有 (C) Microsoft Corporation。保留所有权利。

生成启动时间为 2015-03-14 15:42:26。
节点 1 上的项目“C:\work\60-video\ve\opencvr\3rdparty\openal\build-win64\CMakeFiles\CMakeTmp\cmTryCompileExec2851364733.vcxproj”(默认目标)。
PrepareForBuild:
  正在创建目录“cmTryCompileExec2851364733.dir\Debug\”。
  正在创建目录“C:\work\60-video\ve\opencvr\3rdparty\openal\build-win64\CMakeFiles\CMakeTmp\Debug\”。
  正在创建目录“cmTryCompileExec2851364733.dir\Debug\cmTryCom.1D2033CD.tlog\”。
InitializeBuildStatus:
  正在创建“cmTryCompileExec2851364733.dir\Debug\cmTryCom.1D2033CD.tlog\unsuccessfulbuild”，因为已指定“AlwaysCreate”。
ClCompile:
  C:\Program Files (x86)\Microsoft Visual Studio 12.0\VC\bin\x86_amd64\CL.exe /c /I"C:\Program Files (x86)\Microsoft DirectX SDK (June 2010)\Include" /Zi /W3 /WX- /Od /Ob0 /D WIN32 /D _WINDOWS /D _LARGEFILE_SOURCE /D _LARGE_FILES /D restrict= /D inline=__inline /D _DEBUG /D "CMAKE_INTDIR=\"Debug\"" /D _MBCS /Gm- /RTC1 /MDd /GS /fp:precise /Zc:wchar_t /Zc:forScope /Fo"cmTryCompileExec2851364733.dir\Debug\\" /Fd"cmTryCompileExec2851364733.dir\Debug\vc120.pdb" /Gd /TC /errorReport:queue "C:\work\60-video\ve\opencvr\3rdparty\openal\build-win64\CMakeFiles\CMakeTmp\CheckSymbolExists.c"
  Microsoft (R) C/C++ Optimizing Compiler Version 18.00.31101 for x64
  Copyright (C) Microsoft Corporation.  All rights reserved.
  
  cl /c /I"C:\Program Files (x86)\Microsoft DirectX SDK (June 2010)\Include" /Zi /W3 /WX- /Od /Ob0 /D WIN32 /D _WINDOWS /D _LARGEFILE_SOURCE /D _LARGE_FILES /D restrict= /D inline=__inline /D _DEBUG /D "CMAKE_INTDIR=\"Debug\"" /D _MBCS /Gm- /RTC1 /MDd /GS /fp:precise /Zc:wchar_t /Zc:forScope /Fo"cmTryCompileExec2851364733.dir\Debug\\" /Fd"cmTryCompileExec2851364733.dir\Debug\vc120.pdb" /Gd /TC /errorReport:queue "C:\work\60-video\ve\opencvr\3rdparty\openal\build-win64\CMakeFiles\CMakeTmp\CheckSymbolExists.c"
  
  CheckSymbolExists.c
C:\work\60-video\ve\opencvr\3rdparty\openal\build-win64\CMakeFiles\CMakeTmp\CheckSymbolExists.c(8): error C2065: '__control87_2' : undeclared identifier [C:\work\60-video\ve\opencvr\3rdparty\openal\build-win64\CMakeFiles\CMakeTmp\cmTryCompileExec2851364733.vcxproj]
已完成生成项目“C:\work\60-video\ve\opencvr\3rdparty\openal\build-win64\CMakeFiles\CMakeTmp\cmTryCompileExec2851364733.vcxproj”(默认目标)的操作 - 失败。

生成失败。

“C:\work\60-video\ve\opencvr\3rdparty\openal\build-win64\CMakeFiles\CMakeTmp\cmTryCompileExec2851364733.vcxproj”(默认目标) (1) ->
(ClCompile 目标) -> 
  C:\work\60-video\ve\opencvr\3rdparty\openal\build-win64\CMakeFiles\CMakeTmp\CheckSymbolExists.c(8): error C2065: '__control87_2' : undeclared identifier [C:\work\60-video\ve\opencvr\3rdparty\openal\build-win64\CMakeFiles\CMakeTmp\cmTryCompileExec2851364733.vcxproj]

    0 个警告
    1 个错误

已用时间 00:00:00.55

File C:/work/60-video/ve/opencvr/3rdparty/openal/build-win64/CMakeFiles/CMakeTmp/CheckSymbolExists.c:
/* */
#include <float.h>

int main(int argc, char** argv)
{
  (void)argv;
#ifndef __control87_2
  return ((int*)(&__control87_2))[argc];
#else
  (void)argc;
  return 0;
#endif
}

Determining if the function strcasecmp exists failed with the following output:
Change Dir: C:/work/60-video/ve/opencvr/3rdparty/openal/build-win64/CMakeFiles/CMakeTmp

Run Build Command:"C:/Program Files (x86)/MSBuild/12.0/bin/MSBuild.exe" "cmTryCompileExec1611126108.vcxproj" "/p:Configuration=Debug" "/p:VisualStudioVersion=12.0"
Microsoft(R) 生成引擎版本 12.0.31101.0
[Microsoft .NET Framework 版本 4.0.30319.34209]
版权所有 (C) Microsoft Corporation。保留所有权利。

生成启动时间为 2015-03-14 15:42:31。
节点 1 上的项目“C:\work\60-video\ve\opencvr\3rdparty\openal\build-win64\CMakeFiles\CMakeTmp\cmTryCompileExec1611126108.vcxproj”(默认目标)。
PrepareForBuild:
  正在创建目录“cmTryCompileExec1611126108.dir\Debug\”。
  正在创建目录“C:\work\60-video\ve\opencvr\3rdparty\openal\build-win64\CMakeFiles\CMakeTmp\Debug\”。
  正在创建目录“cmTryCompileExec1611126108.dir\Debug\cmTryCom.3EFC8713.tlog\”。
InitializeBuildStatus:
  正在创建“cmTryCompileExec1611126108.dir\Debug\cmTryCom.3EFC8713.tlog\unsuccessfulbuild”，因为已指定“AlwaysCreate”。
ClCompile:
  C:\Program Files (x86)\Microsoft Visual Studio 12.0\VC\bin\x86_amd64\CL.exe /c /I"C:\Program Files (x86)\Microsoft DirectX SDK (June 2010)\Include" /Zi /W3 /WX- /Od /Ob0 /D WIN32 /D _WINDOWS /D CHECK_FUNCTION_EXISTS=strcasecmp /D _LARGEFILE_SOURCE /D _LARGE_FILES /D restrict= /D inline=__inline /D _DEBUG /D "CMAKE_INTDIR=\"Debug\"" /D _MBCS /Gm- /RTC1 /MDd /GS /fp:precise /Zc:wchar_t /Zc:forScope /Fo"cmTryCompileExec1611126108.dir\Debug\\" /Fd"cmTryCompileExec1611126108.dir\Debug\vc120.pdb" /Gd /TC /errorReport:queue "C:\Program Files (x86)\CMake\share\cmake-3.1\Modules\CheckFunctionExists.c"
  Microsoft (R) C/C++ Optimizing Compiler Version 18.00.31101 for x64
  Copyright (C) Microsoft Corporation.  All rights reserved.
  
  cl /c /I"C:\Program Files (x86)\Microsoft DirectX SDK (June 2010)\Include" /Zi /W3 /WX- /Od /Ob0 /D WIN32 /D _WINDOWS /D CHECK_FUNCTION_EXISTS=strcasecmp /D _LARGEFILE_SOURCE /D _LARGE_FILES /D restrict= /D inline=__inline /D _DEBUG /D "CMAKE_INTDIR=\"Debug\"" /D _MBCS /Gm- /RTC1 /MDd /GS /fp:precise /Zc:wchar_t /Zc:forScope /Fo"cmTryCompileExec1611126108.dir\Debug\\" /Fd"cmTryCompileExec1611126108.dir\Debug\vc120.pdb" /Gd /TC /errorReport:queue "C:\Program Files (x86)\CMake\share\cmake-3.1\Modules\CheckFunctionExists.c"
  
  CheckFunctionExists.c
Link:
  C:\Program Files (x86)\Microsoft Visual Studio 12.0\VC\bin\x86_amd64\link.exe /ERRORREPORT:QUEUE /OUT:"C:\work\60-video\ve\opencvr\3rdparty\openal\build-win64\CMakeFiles\CMakeTmp\Debug\cmTryCompileExec1611126108.exe" /INCREMENTAL /NOLOGO kernel32.lib user32.lib gdi32.lib winspool.lib shell32.lib ole32.lib oleaut32.lib uuid.lib comdlg32.lib advapi32.lib /MANIFEST /MANIFESTUAC:"level='asInvoker' uiAccess='false'" /manifest:embed /DEBUG /PDB:"C:/work/60-video/ve/opencvr/3rdparty/openal/build-win64/CMakeFiles/CMakeTmp/Debug/cmTryCompileExec1611126108.pdb" /SUBSYSTEM:CONSOLE /TLBID:1 /DYNAMICBASE /NXCOMPAT /IMPLIB:"C:/work/60-video/ve/opencvr/3rdparty/openal/build-win64/CMakeFiles/CMakeTmp/Debug/cmTryCompileExec1611126108.lib" /MACHINE:X64  /machine:x64 /debug cmTryCompileExec1611126108.dir\Debug\CheckFunctionExists.obj
CheckFunctionExists.obj : error LNK2019: unresolved external symbol strcasecmp referenced in function main [C:\work\60-video\ve\opencvr\3rdparty\openal\build-win64\CMakeFiles\CMakeTmp\cmTryCompileExec1611126108.vcxproj]
C:\work\60-video\ve\opencvr\3rdparty\openal\build-win64\CMakeFiles\CMakeTmp\Debug\cmTryCompileExec1611126108.exe : fatal error LNK1120: 1 unresolved externals [C:\work\60-video\ve\opencvr\3rdparty\openal\build-win64\CMakeFiles\CMakeTmp\cmTryCompileExec1611126108.vcxproj]
已完成生成项目“C:\work\60-video\ve\opencvr\3rdparty\openal\build-win64\CMakeFiles\CMakeTmp\cmTryCompileExec1611126108.vcxproj”(默认目标)的操作 - 失败。

生成失败。

“C:\work\60-video\ve\opencvr\3rdparty\openal\build-win64\CMakeFiles\CMakeTmp\cmTryCompileExec1611126108.vcxproj”(默认目标) (1) ->
(Link 目标) -> 
  CheckFunctionExists.obj : error LNK2019: unresolved external symbol strcasecmp referenced in function main [C:\work\60-video\ve\opencvr\3rdparty\openal\build-win64\CMakeFiles\CMakeTmp\cmTryCompileExec1611126108.vcxproj]
  C:\work\60-video\ve\opencvr\3rdparty\openal\build-win64\CMakeFiles\CMakeTmp\Debug\cmTryCompileExec1611126108.exe : fatal error LNK1120: 1 unresolved externals [C:\work\60-video\ve\opencvr\3rdparty\openal\build-win64\CMakeFiles\CMakeTmp\cmTryCompileExec1611126108.vcxproj]

    0 个警告
    2 个错误

已用时间 00:00:00.73


Determining if the function strncasecmp exists failed with the following output:
Change Dir: C:/work/60-video/ve/opencvr/3rdparty/openal/build-win64/CMakeFiles/CMakeTmp

Run Build Command:"C:/Program Files (x86)/MSBuild/12.0/bin/MSBuild.exe" "cmTryCompileExec1650789686.vcxproj" "/p:Configuration=Debug" "/p:VisualStudioVersion=12.0"
Microsoft(R) 生成引擎版本 12.0.31101.0
[Microsoft .NET Framework 版本 4.0.30319.34209]
版权所有 (C) Microsoft Corporation。保留所有权利。

生成启动时间为 2015-03-14 15:42:33。
节点 1 上的项目“C:\work\60-video\ve\opencvr\3rdparty\openal\build-win64\CMakeFiles\CMakeTmp\cmTryCompileExec1650789686.vcxproj”(默认目标)。
PrepareForBuild:
  正在创建目录“cmTryCompileExec1650789686.dir\Debug\”。
  正在创建目录“C:\work\60-video\ve\opencvr\3rdparty\openal\build-win64\CMakeFiles\CMakeTmp\Debug\”。
  正在创建目录“cmTryCompileExec1650789686.dir\Debug\cmTryCom.C0524063.tlog\”。
InitializeBuildStatus:
  正在创建“cmTryCompileExec1650789686.dir\Debug\cmTryCom.C0524063.tlog\unsuccessfulbuild”，因为已指定“AlwaysCreate”。
ClCompile:
  C:\Program Files (x86)\Microsoft Visual Studio 12.0\VC\bin\x86_amd64\CL.exe /c /I"C:\Program Files (x86)\Microsoft DirectX SDK (June 2010)\Include" /Zi /W3 /WX- /Od /Ob0 /D WIN32 /D _WINDOWS /D CHECK_FUNCTION_EXISTS=strncasecmp /D _LARGEFILE_SOURCE /D _LARGE_FILES /D restrict= /D inline=__inline /D _DEBUG /D "CMAKE_INTDIR=\"Debug\"" /D _MBCS /Gm- /RTC1 /MDd /GS /fp:precise /Zc:wchar_t /Zc:forScope /Fo"cmTryCompileExec1650789686.dir\Debug\\" /Fd"cmTryCompileExec1650789686.dir\Debug\vc120.pdb" /Gd /TC /errorReport:queue "C:\Program Files (x86)\CMake\share\cmake-3.1\Modules\CheckFunctionExists.c"
  Microsoft (R) C/C++ Optimizing Compiler Version 18.00.31101 for x64
  Copyright (C) Microsoft Corporation.  All rights reserved.
  
  cl /c /I"C:\Program Files (x86)\Microsoft DirectX SDK (June 2010)\Include" /Zi /W3 /WX- /Od /Ob0 /D WIN32 /D _WINDOWS /D CHECK_FUNCTION_EXISTS=strncasecmp /D _LARGEFILE_SOURCE /D _LARGE_FILES /D restrict= /D inline=__inline /D _DEBUG /D "CMAKE_INTDIR=\"Debug\"" /D _MBCS /Gm- /RTC1 /MDd /GS /fp:precise /Zc:wchar_t /Zc:forScope /Fo"cmTryCompileExec1650789686.dir\Debug\\" /Fd"cmTryCompileExec1650789686.dir\Debug\vc120.pdb" /Gd /TC /errorReport:queue "C:\Program Files (x86)\CMake\share\cmake-3.1\Modules\CheckFunctionExists.c"
  
  CheckFunctionExists.c
Link:
  C:\Program Files (x86)\Microsoft Visual Studio 12.0\VC\bin\x86_amd64\link.exe /ERRORREPORT:QUEUE /OUT:"C:\work\60-video\ve\opencvr\3rdparty\openal\build-win64\CMakeFiles\CMakeTmp\Debug\cmTryCompileExec1650789686.exe" /INCREMENTAL /NOLOGO kernel32.lib user32.lib gdi32.lib winspool.lib shell32.lib ole32.lib oleaut32.lib uuid.lib comdlg32.lib advapi32.lib /MANIFEST /MANIFESTUAC:"level='asInvoker' uiAccess='false'" /manifest:embed /DEBUG /PDB:"C:/work/60-video/ve/opencvr/3rdparty/openal/build-win64/CMakeFiles/CMakeTmp/Debug/cmTryCompileExec1650789686.pdb" /SUBSYSTEM:CONSOLE /TLBID:1 /DYNAMICBASE /NXCOMPAT /IMPLIB:"C:/work/60-video/ve/opencvr/3rdparty/openal/build-win64/CMakeFiles/CMakeTmp/Debug/cmTryCompileExec1650789686.lib" /MACHINE:X64  /machine:x64 /debug cmTryCompileExec1650789686.dir\Debug\CheckFunctionExists.obj
CheckFunctionExists.obj : error LNK2019: unresolved external symbol strncasecmp referenced in function main [C:\work\60-video\ve\opencvr\3rdparty\openal\build-win64\CMakeFiles\CMakeTmp\cmTryCompileExec1650789686.vcxproj]
C:\work\60-video\ve\opencvr\3rdparty\openal\build-win64\CMakeFiles\CMakeTmp\Debug\cmTryCompileExec1650789686.exe : fatal error LNK1120: 1 unresolved externals [C:\work\60-video\ve\opencvr\3rdparty\openal\build-win64\CMakeFiles\CMakeTmp\cmTryCompileExec1650789686.vcxproj]
已完成生成项目“C:\work\60-video\ve\opencvr\3rdparty\openal\build-win64\CMakeFiles\CMakeTmp\cmTryCompileExec1650789686.vcxproj”(默认目标)的操作 - 失败。

生成失败。

“C:\work\60-video\ve\opencvr\3rdparty\openal\build-win64\CMakeFiles\CMakeTmp\cmTryCompileExec1650789686.vcxproj”(默认目标) (1) ->
(Link 目标) -> 
  CheckFunctionExists.obj : error LNK2019: unresolved external symbol strncasecmp referenced in function main [C:\work\60-video\ve\opencvr\3rdparty\openal\build-win64\CMakeFiles\CMakeTmp\cmTryCompileExec1650789686.vcxproj]
  C:\work\60-video\ve\opencvr\3rdparty\openal\build-win64\CMakeFiles\CMakeTmp\Debug\cmTryCompileExec1650789686.exe : fatal error LNK1120: 1 unresolved externals [C:\work\60-video\ve\opencvr\3rdparty\openal\build-win64\CMakeFiles\CMakeTmp\cmTryCompileExec1650789686.vcxproj]

    0 个警告
    2 个错误

已用时间 00:00:00.67


Determining if the function snprintf exists failed with the following output:
Change Dir: C:/work/60-video/ve/opencvr/3rdparty/openal/build-win64/CMakeFiles/CMakeTmp

Run Build Command:"C:/Program Files (x86)/MSBuild/12.0/bin/MSBuild.exe" "cmTryCompileExec649348715.vcxproj" "/p:Configuration=Debug" "/p:VisualStudioVersion=12.0"
Microsoft(R) 生成引擎版本 12.0.31101.0
[Microsoft .NET Framework 版本 4.0.30319.34209]
版权所有 (C) Microsoft Corporation。保留所有权利。

生成启动时间为 2015-03-14 15:42:36。
节点 1 上的项目“C:\work\60-video\ve\opencvr\3rdparty\openal\build-win64\CMakeFiles\CMakeTmp\cmTryCompileExec649348715.vcxproj”(默认目标)。
PrepareForBuild:
  正在创建目录“cmTryCompileExec649348715.dir\Debug\”。
  正在创建目录“C:\work\60-video\ve\opencvr\3rdparty\openal\build-win64\CMakeFiles\CMakeTmp\Debug\”。
  正在创建目录“cmTryCompileExec649348715.dir\Debug\cmTryCom.964DD965.tlog\”。
InitializeBuildStatus:
  正在创建“cmTryCompileExec649348715.dir\Debug\cmTryCom.964DD965.tlog\unsuccessfulbuild”，因为已指定“AlwaysCreate”。
ClCompile:
  C:\Program Files (x86)\Microsoft Visual Studio 12.0\VC\bin\x86_amd64\CL.exe /c /I"C:\Program Files (x86)\Microsoft DirectX SDK (June 2010)\Include" /Zi /W3 /WX- /Od /Ob0 /D WIN32 /D _WINDOWS /D CHECK_FUNCTION_EXISTS=snprintf /D _LARGEFILE_SOURCE /D _LARGE_FILES /D restrict= /D inline=__inline /D _DEBUG /D "CMAKE_INTDIR=\"Debug\"" /D _MBCS /Gm- /RTC1 /MDd /GS /fp:precise /Zc:wchar_t /Zc:forScope /Fo"cmTryCompileExec649348715.dir\Debug\\" /Fd"cmTryCompileExec649348715.dir\Debug\vc120.pdb" /Gd /TC /errorReport:queue "C:\Program Files (x86)\CMake\share\cmake-3.1\Modules\CheckFunctionExists.c"
  Microsoft (R) C/C++ Optimizing Compiler Version 18.00.31101 for x64
  Copyright (C) Microsoft Corporation.  All rights reserved.
  
  cl /c /I"C:\Program Files (x86)\Microsoft DirectX SDK (June 2010)\Include" /Zi /W3 /WX- /Od /Ob0 /D WIN32 /D _WINDOWS /D CHECK_FUNCTION_EXISTS=snprintf /D _LARGEFILE_SOURCE /D _LARGE_FILES /D restrict= /D inline=__inline /D _DEBUG /D "CMAKE_INTDIR=\"Debug\"" /D _MBCS /Gm- /RTC1 /MDd /GS /fp:precise /Zc:wchar_t /Zc:forScope /Fo"cmTryCompileExec649348715.dir\Debug\\" /Fd"cmTryCompileExec649348715.dir\Debug\vc120.pdb" /Gd /TC /errorReport:queue "C:\Program Files (x86)\CMake\share\cmake-3.1\Modules\CheckFunctionExists.c"
  
  CheckFunctionExists.c
Link:
  C:\Program Files (x86)\Microsoft Visual Studio 12.0\VC\bin\x86_amd64\link.exe /ERRORREPORT:QUEUE /OUT:"C:\work\60-video\ve\opencvr\3rdparty\openal\build-win64\CMakeFiles\CMakeTmp\Debug\cmTryCompileExec649348715.exe" /INCREMENTAL /NOLOGO kernel32.lib user32.lib gdi32.lib winspool.lib shell32.lib ole32.lib oleaut32.lib uuid.lib comdlg32.lib advapi32.lib /MANIFEST /MANIFESTUAC:"level='asInvoker' uiAccess='false'" /manifest:embed /DEBUG /PDB:"C:/work/60-video/ve/opencvr/3rdparty/openal/build-win64/CMakeFiles/CMakeTmp/Debug/cmTryCompileExec649348715.pdb" /SUBSYSTEM:CONSOLE /TLBID:1 /DYNAMICBASE /NXCOMPAT /IMPLIB:"C:/work/60-video/ve/opencvr/3rdparty/openal/build-win64/CMakeFiles/CMakeTmp/Debug/cmTryCompileExec649348715.lib" /MACHINE:X64  /machine:x64 /debug cmTryCompileExec649348715.dir\Debug\CheckFunctionExists.obj
CheckFunctionExists.obj : error LNK2019: unresolved external symbol snprintf referenced in function main [C:\work\60-video\ve\opencvr\3rdparty\openal\build-win64\CMakeFiles\CMakeTmp\cmTryCompileExec649348715.vcxproj]
C:\work\60-video\ve\opencvr\3rdparty\openal\build-win64\CMakeFiles\CMakeTmp\Debug\cmTryCompileExec649348715.exe : fatal error LNK1120: 1 unresolved externals [C:\work\60-video\ve\opencvr\3rdparty\openal\build-win64\CMakeFiles\CMakeTmp\cmTryCompileExec649348715.vcxproj]
已完成生成项目“C:\work\60-video\ve\opencvr\3rdparty\openal\build-win64\CMakeFiles\CMakeTmp\cmTryCompileExec649348715.vcxproj”(默认目标)的操作 - 失败。

生成失败。

“C:\work\60-video\ve\opencvr\3rdparty\openal\build-win64\CMakeFiles\CMakeTmp\cmTryCompileExec649348715.vcxproj”(默认目标) (1) ->
(Link 目标) -> 
  CheckFunctionExists.obj : error LNK2019: unresolved external symbol snprintf referenced in function main [C:\work\60-video\ve\opencvr\3rdparty\openal\build-win64\CMakeFiles\CMakeTmp\cmTryCompileExec649348715.vcxproj]
  C:\work\60-video\ve\opencvr\3rdparty\openal\build-win64\CMakeFiles\CMakeTmp\Debug\cmTryCompileExec649348715.exe : fatal error LNK1120: 1 unresolved externals [C:\work\60-video\ve\opencvr\3rdparty\openal\build-win64\CMakeFiles\CMakeTmp\cmTryCompileExec649348715.vcxproj]

    0 个警告
    2 个错误

已用时间 00:00:00.78


Determining if the include file dlfcn.h exists failed with the following output:
Change Dir: C:/work/60-video/ve/opencvr/3rdparty/openal/build-win64/CMakeFiles/CMakeTmp

Run Build Command:"C:/Program Files (x86)/MSBuild/12.0/bin/MSBuild.exe" "cmTryCompileExec1704902415.vcxproj" "/p:Configuration=Debug" "/p:VisualStudioVersion=12.0"
Microsoft(R) 生成引擎版本 12.0.31101.0
[Microsoft .NET Framework 版本 4.0.30319.34209]
版权所有 (C) Microsoft Corporation。保留所有权利。

生成启动时间为 2015-03-14 15:42:40。
节点 1 上的项目“C:\work\60-video\ve\opencvr\3rdparty\openal\build-win64\CMakeFiles\CMakeTmp\cmTryCompileExec1704902415.vcxproj”(默认目标)。
PrepareForBuild:
  正在创建目录“cmTryCompileExec1704902415.dir\Debug\”。
  正在创建目录“C:\work\60-video\ve\opencvr\3rdparty\openal\build-win64\CMakeFiles\CMakeTmp\Debug\”。
  正在创建目录“cmTryCompileExec1704902415.dir\Debug\cmTryCom.8488B1E6.tlog\”。
InitializeBuildStatus:
  正在创建“cmTryCompileExec1704902415.dir\Debug\cmTryCom.8488B1E6.tlog\unsuccessfulbuild”，因为已指定“AlwaysCreate”。
ClCompile:
  C:\Program Files (x86)\Microsoft Visual Studio 12.0\VC\bin\x86_amd64\CL.exe /c /I"C:\Program Files (x86)\Microsoft DirectX SDK (June 2010)\Include" /Zi /W3 /WX- /Od /Ob0 /D WIN32 /D _WINDOWS /D _LARGEFILE_SOURCE /D _LARGE_FILES /D restrict= /D inline=__inline /D _DEBUG /D "CMAKE_INTDIR=\"Debug\"" /D _MBCS /Gm- /RTC1 /MDd /GS /fp:precise /Zc:wchar_t /Zc:forScope /Fo"cmTryCompileExec1704902415.dir\Debug\\" /Fd"cmTryCompileExec1704902415.dir\Debug\vc120.pdb" /Gd /TC /errorReport:queue "C:\work\60-video\ve\opencvr\3rdparty\openal\build-win64\CMakeFiles\CMakeTmp\CheckIncludeFile.c"
  Microsoft (R) C/C++ Optimizing Compiler Version 18.00.31101 for x64
  Copyright (C) Microsoft Corporation.  All rights reserved.
  
  cl /c /I"C:\Program Files (x86)\Microsoft DirectX SDK (June 2010)\Include" /Zi /W3 /WX- /Od /Ob0 /D WIN32 /D _WINDOWS /D _LARGEFILE_SOURCE /D _LARGE_FILES /D restrict= /D inline=__inline /D _DEBUG /D "CMAKE_INTDIR=\"Debug\"" /D _MBCS /Gm- /RTC1 /MDd /GS /fp:precise /Zc:wchar_t /Zc:forScope /Fo"cmTryCompileExec1704902415.dir\Debug\\" /Fd"cmTryCompileExec1704902415.dir\Debug\vc120.pdb" /Gd /TC /errorReport:queue "C:\work\60-video\ve\opencvr\3rdparty\openal\build-win64\CMakeFiles\CMakeTmp\CheckIncludeFile.c"
  
  CheckIncludeFile.c
C:\work\60-video\ve\opencvr\3rdparty\openal\build-win64\CMakeFiles\CMakeTmp\CheckIncludeFile.c(1): fatal error C1083: Cannot open include file: 'dlfcn.h': No such file or directory [C:\work\60-video\ve\opencvr\3rdparty\openal\build-win64\CMakeFiles\CMakeTmp\cmTryCompileExec1704902415.vcxproj]
已完成生成项目“C:\work\60-video\ve\opencvr\3rdparty\openal\build-win64\CMakeFiles\CMakeTmp\cmTryCompileExec1704902415.vcxproj”(默认目标)的操作 - 失败。

生成失败。

“C:\work\60-video\ve\opencvr\3rdparty\openal\build-win64\CMakeFiles\CMakeTmp\cmTryCompileExec1704902415.vcxproj”(默认目标) (1) ->
(ClCompile 目标) -> 
  C:\work\60-video\ve\opencvr\3rdparty\openal\build-win64\CMakeFiles\CMakeTmp\CheckIncludeFile.c(1): fatal error C1083: Cannot open include file: 'dlfcn.h': No such file or directory [C:\work\60-video\ve\opencvr\3rdparty\openal\build-win64\CMakeFiles\CMakeTmp\cmTryCompileExec1704902415.vcxproj]

    0 个警告
    1 个错误

已用时间 00:00:00.49


Determining if the include file arm_neon.h exists failed with the following output:
Change Dir: C:/work/60-video/ve/opencvr/3rdparty/openal/build-win64/CMakeFiles/CMakeTmp

Run Build Command:"C:/Program Files (x86)/MSBuild/12.0/bin/MSBuild.exe" "cmTryCompileExec2405860758.vcxproj" "/p:Configuration=Debug" "/p:VisualStudioVersion=12.0"
Microsoft(R) 生成引擎版本 12.0.31101.0
[Microsoft .NET Framework 版本 4.0.30319.34209]
版权所有 (C) Microsoft Corporation。保留所有权利。

生成启动时间为 2015-03-14 15:42:48。
节点 1 上的项目“C:\work\60-video\ve\opencvr\3rdparty\openal\build-win64\CMakeFiles\CMakeTmp\cmTryCompileExec2405860758.vcxproj”(默认目标)。
PrepareForBuild:
  正在创建目录“cmTryCompileExec2405860758.dir\Debug\”。
  正在创建目录“C:\work\60-video\ve\opencvr\3rdparty\openal\build-win64\CMakeFiles\CMakeTmp\Debug\”。
  正在创建目录“cmTryCompileExec2405860758.dir\Debug\cmTryCom.868E1DA6.tlog\”。
InitializeBuildStatus:
  正在创建“cmTryCompileExec2405860758.dir\Debug\cmTryCom.868E1DA6.tlog\unsuccessfulbuild”，因为已指定“AlwaysCreate”。
ClCompile:
  C:\Program Files (x86)\Microsoft Visual Studio 12.0\VC\bin\x86_amd64\CL.exe /c /I"C:\Program Files (x86)\Microsoft DirectX SDK (June 2010)\Include" /Zi /W3 /WX- /Od /Ob0 /D WIN32 /D _WINDOWS /D _LARGEFILE_SOURCE /D _LARGE_FILES /D restrict= /D inline=__inline /D _DEBUG /D "CMAKE_INTDIR=\"Debug\"" /D _MBCS /Gm- /RTC1 /MDd /GS /fp:precise /Zc:wchar_t /Zc:forScope /Fo"cmTryCompileExec2405860758.dir\Debug\\" /Fd"cmTryCompileExec2405860758.dir\Debug\vc120.pdb" /Gd /TC /errorReport:queue "C:\work\60-video\ve\opencvr\3rdparty\openal\build-win64\CMakeFiles\CMakeTmp\CheckIncludeFile.c"
  Microsoft (R) C/C++ Optimizing Compiler Version 18.00.31101 for x64
  Copyright (C) Microsoft Corporation.  All rights reserved.
  
  cl /c /I"C:\Program Files (x86)\Microsoft DirectX SDK (June 2010)\Include" /Zi /W3 /WX- /Od /Ob0 /D WIN32 /D _WINDOWS /D _LARGEFILE_SOURCE /D _LARGE_FILES /D restrict= /D inline=__inline /D _DEBUG /D "CMAKE_INTDIR=\"Debug\"" /D _MBCS /Gm- /RTC1 /MDd /GS /fp:precise /Zc:wchar_t /Zc:forScope /Fo"cmTryCompileExec2405860758.dir\Debug\\" /Fd"cmTryCompileExec2405860758.dir\Debug\vc120.pdb" /Gd /TC /errorReport:queue "C:\work\60-video\ve\opencvr\3rdparty\openal\build-win64\CMakeFiles\CMakeTmp\CheckIncludeFile.c"
  
  CheckIncludeFile.c
C:\Program Files (x86)\Microsoft Visual Studio 12.0\VC\include\arm_neon.h(17): fatal error C1189: #error :  This header is specific to ARM targets [C:\work\60-video\ve\opencvr\3rdparty\openal\build-win64\CMakeFiles\CMakeTmp\cmTryCompileExec2405860758.vcxproj]
已完成生成项目“C:\work\60-video\ve\opencvr\3rdparty\openal\build-win64\CMakeFiles\CMakeTmp\cmTryCompileExec2405860758.vcxproj”(默认目标)的操作 - 失败。

生成失败。

“C:\work\60-video\ve\opencvr\3rdparty\openal\build-win64\CMakeFiles\CMakeTmp\cmTryCompileExec2405860758.vcxproj”(默认目标) (1) ->
(ClCompile 目标) -> 
  C:\Program Files (x86)\Microsoft Visual Studio 12.0\VC\include\arm_neon.h(17): fatal error C1189: #error :  This header is specific to ARM targets [C:\work\60-video\ve\opencvr\3rdparty\openal\build-win64\CMakeFiles\CMakeTmp\cmTryCompileExec2405860758.vcxproj]

    0 个警告
    1 个错误

已用时间 00:00:00.51


Determining if files SLES/OpenSLES.h;SLES/OpenSLES_Android.h exist failed with the following output:
Change Dir: C:/work/60-video/ve/opencvr/3rdparty/openal/build-win64/CMakeFiles/CMakeTmp

Run Build Command:"C:/Program Files (x86)/MSBuild/12.0/bin/MSBuild.exe" "cmTryCompileExec532899301.vcxproj" "/p:Configuration=Debug" "/p:VisualStudioVersion=12.0"
Microsoft(R) 生成引擎版本 12.0.31101.0
[Microsoft .NET Framework 版本 4.0.30319.34209]
版权所有 (C) Microsoft Corporation。保留所有权利。

生成启动时间为 2015-03-14 15:42:54。
节点 1 上的项目“C:\work\60-video\ve\opencvr\3rdparty\openal\build-win64\CMakeFiles\CMakeTmp\cmTryCompileExec532899301.vcxproj”(默认目标)。
PrepareForBuild:
  正在创建目录“cmTryCompileExec532899301.dir\Debug\”。
  正在创建目录“C:\work\60-video\ve\opencvr\3rdparty\openal\build-win64\CMakeFiles\CMakeTmp\Debug\”。
  正在创建目录“cmTryCompileExec532899301.dir\Debug\cmTryCom.108EE780.tlog\”。
InitializeBuildStatus:
  正在创建“cmTryCompileExec532899301.dir\Debug\cmTryCom.108EE780.tlog\unsuccessfulbuild”，因为已指定“AlwaysCreate”。
ClCompile:
  C:\Program Files (x86)\Microsoft Visual Studio 12.0\VC\bin\x86_amd64\CL.exe /c /I"C:\Program Files (x86)\Microsoft DirectX SDK (June 2010)\Include" /Zi /W3 /WX- /Od /Ob0 /D WIN32 /D _WINDOWS /D _LARGEFILE_SOURCE /D _LARGE_FILES /D restrict= /D inline=__inline /D _DEBUG /D "CMAKE_INTDIR=\"Debug\"" /D _MBCS /Gm- /RTC1 /MDd /GS /fp:precise /Zc:wchar_t /Zc:forScope /Fo"cmTryCompileExec532899301.dir\Debug\\" /Fd"cmTryCompileExec532899301.dir\Debug\vc120.pdb" /Gd /TC /errorReport:queue "C:\work\60-video\ve\opencvr\3rdparty\openal\build-win64\CMakeFiles\CMakeTmp\CheckIncludeFiles.c"
  Microsoft (R) C/C++ Optimizing Compiler Version 18.00.31101 for x64
  Copyright (C) Microsoft Corporation.  All rights reserved.
  
  cl /c /I"C:\Program Files (x86)\Microsoft DirectX SDK (June 2010)\Include" /Zi /W3 /WX- /Od /Ob0 /D WIN32 /D _WINDOWS /D _LARGEFILE_SOURCE /D _LARGE_FILES /D restrict= /D inline=__inline /D _DEBUG /D "CMAKE_INTDIR=\"Debug\"" /D _MBCS /Gm- /RTC1 /MDd /GS /fp:precise /Zc:wchar_t /Zc:forScope /Fo"cmTryCompileExec532899301.dir\Debug\\" /Fd"cmTryCompileExec532899301.dir\Debug\vc120.pdb" /Gd /TC /errorReport:queue "C:\work\60-video\ve\opencvr\3rdparty\openal\build-win64\CMakeFiles\CMakeTmp\CheckIncludeFiles.c"
  
  CheckIncludeFiles.c
C:\work\60-video\ve\opencvr\3rdparty\openal\build-win64\CMakeFiles\CMakeTmp\CheckIncludeFiles.c(2): fatal error C1083: Cannot open include file: 'SLES/OpenSLES.h': No such file or directory [C:\work\60-video\ve\opencvr\3rdparty\openal\build-win64\CMakeFiles\CMakeTmp\cmTryCompileExec532899301.vcxproj]
已完成生成项目“C:\work\60-video\ve\opencvr\3rdparty\openal\build-win64\CMakeFiles\CMakeTmp\cmTryCompileExec532899301.vcxproj”(默认目标)的操作 - 失败。

生成失败。

“C:\work\60-video\ve\opencvr\3rdparty\openal\build-win64\CMakeFiles\CMakeTmp\cmTryCompileExec532899301.vcxproj”(默认目标) (1) ->
(ClCompile 目标) -> 
  C:\work\60-video\ve\opencvr\3rdparty\openal\build-win64\CMakeFiles\CMakeTmp\CheckIncludeFiles.c(2): fatal error C1083: Cannot open include file: 'SLES/OpenSLES.h': No such file or directory [C:\work\60-video\ve\opencvr\3rdparty\openal\build-win64\CMakeFiles\CMakeTmp\cmTryCompileExec532899301.vcxproj]

    0 个警告
    1 个错误

已用时间 00:00:01.13

Source:
/* */
#include <SLES/OpenSLES.h>
#include <SLES/OpenSLES_Android.h>


int main(void){return 0;}

Determining if files pthread.h exist failed with the following output:
Change Dir: C:/work/60-video/ve/opencvr/3rdparty/openal/build-win64/CMakeFiles/CMakeTmp

Run Build Command:"C:/Program Files (x86)/MSBuild/12.0/bin/MSBuild.exe" "cmTryCompileExec1295999745.vcxproj" "/p:Configuration=Debug" "/p:VisualStudioVersion=12.0"
Microsoft(R) 生成引擎版本 12.0.31101.0
[Microsoft .NET Framework 版本 4.0.30319.34209]
版权所有 (C) Microsoft Corporation。保留所有权利。

生成启动时间为 2015-03-14 15:42:56。
节点 1 上的项目“C:\work\60-video\ve\opencvr\3rdparty\openal\build-win64\CMakeFiles\CMakeTmp\cmTryCompileExec1295999745.vcxproj”(默认目标)。
PrepareForBuild:
  正在创建目录“cmTryCompileExec1295999745.dir\Debug\”。
  正在创建目录“C:\work\60-video\ve\opencvr\3rdparty\openal\build-win64\CMakeFiles\CMakeTmp\Debug\”。
  正在创建目录“cmTryCompileExec1295999745.dir\Debug\cmTryCom.B00E87EF.tlog\”。
InitializeBuildStatus:
  正在创建“cmTryCompileExec1295999745.dir\Debug\cmTryCom.B00E87EF.tlog\unsuccessfulbuild”，因为已指定“AlwaysCreate”。
ClCompile:
  C:\Program Files (x86)\Microsoft Visual Studio 12.0\VC\bin\x86_amd64\CL.exe /c /I"C:\Program Files (x86)\Microsoft DirectX SDK (June 2010)\Include" /Zi /W3 /WX- /Od /Ob0 /D WIN32 /D _WINDOWS /D _LARGEFILE_SOURCE /D _LARGE_FILES /D restrict= /D inline=__inline /D _DEBUG /D "CMAKE_INTDIR=\"Debug\"" /D _MBCS /Gm- /RTC1 /MDd /GS /fp:precise /Zc:wchar_t /Zc:forScope /Fo"cmTryCompileExec1295999745.dir\Debug\\" /Fd"cmTryCompileExec1295999745.dir\Debug\vc120.pdb" /Gd /TC /errorReport:queue "C:\work\60-video\ve\opencvr\3rdparty\openal\build-win64\CMakeFiles\CMakeTmp\CheckIncludeFiles.c"
  Microsoft (R) C/C++ Optimizing Compiler Version 18.00.31101 for x64
  Copyright (C) Microsoft Corporation.  All rights reserved.
  
  cl /c /I"C:\Program Files (x86)\Microsoft DirectX SDK (June 2010)\Include" /Zi /W3 /WX- /Od /Ob0 /D WIN32 /D _WINDOWS /D _LARGEFILE_SOURCE /D _LARGE_FILES /D restrict= /D inline=__inline /D _DEBUG /D "CMAKE_INTDIR=\"Debug\"" /D _MBCS /Gm- /RTC1 /MDd /GS /fp:precise /Zc:wchar_t /Zc:forScope /Fo"cmTryCompileExec1295999745.dir\Debug\\" /Fd"cmTryCompileExec1295999745.dir\Debug\vc120.pdb" /Gd /TC /errorReport:queue "C:\work\60-video\ve\opencvr\3rdparty\openal\build-win64\CMakeFiles\CMakeTmp\CheckIncludeFiles.c"
  
  CheckIncludeFiles.c
C:\work\60-video\ve\opencvr\3rdparty\openal\build-win64\CMakeFiles\CMakeTmp\CheckIncludeFiles.c(2): fatal error C1083: Cannot open include file: 'pthread.h': No such file or directory [C:\work\60-video\ve\opencvr\3rdparty\openal\build-win64\CMakeFiles\CMakeTmp\cmTryCompileExec1295999745.vcxproj]
已完成生成项目“C:\work\60-video\ve\opencvr\3rdparty\openal\build-win64\CMakeFiles\CMakeTmp\cmTryCompileExec1295999745.vcxproj”(默认目标)的操作 - 失败。

生成失败。

“C:\work\60-video\ve\opencvr\3rdparty\openal\build-win64\CMakeFiles\CMakeTmp\cmTryCompileExec1295999745.vcxproj”(默认目标) (1) ->
(ClCompile 目标) -> 
  C:\work\60-video\ve\opencvr\3rdparty\openal\build-win64\CMakeFiles\CMakeTmp\CheckIncludeFiles.c(2): fatal error C1083: Cannot open include file: 'pthread.h': No such file or directory [C:\work\60-video\ve\opencvr\3rdparty\openal\build-win64\CMakeFiles\CMakeTmp\cmTryCompileExec1295999745.vcxproj]

    0 个警告
    1 个错误

已用时间 00:00:00.68

Source:
/* */
#include <pthread.h>


int main(void){return 0;}

